2021-02-01 11:46:35,254 ERROR 10460 [-/127.0.0.1/-/122ms POST /login] nodejs.TypeError: Cannot read property 'login' of undefined
    at UserController.login (L:\yoho\back\app\controller\user.js:13:43)
    at Object.callFn (L:\yoho\back\node_modules\egg-core\lib\utils\index.js:44:21)
    at Object.classControllerMiddleware (L:\yoho\back\node_modules\egg-core\lib\loader\mixin\controller.js:87:20)
    at Object.callFn (L:\yoho\back\node_modules\@eggjs\router\lib\utils.js:12:21)
    at wrappedController (L:\yoho\back\node_modules\@eggjs\router\lib\egg_router.js:322:18)
    at dispatch (L:\yoho\back\node_modules\koa-compose\index.js:44:32)
    at next (L:\yoho\back\node_modules\koa-compose\index.js:45:18)
    at L:\yoho\back\node_modules\@eggjs\router\lib\router.js:190:18
    at dispatch (L:\yoho\back\node_modules\koa-compose\index.js:44:32)
    at L:\yoho\back\node_modules\koa-compose\index.js:36:12

pid: 10460
hostname: DESKTOP

2021-02-01 11:49:04,815 ERROR 10460 [-/127.0.0.1/-/1ms POST /login] nodejs.TypeError: Cannot read property 'login' of undefined
    at UserController.login (L:\yoho\back\app\controller\user.js:13:43)
    at Object.callFn (L:\yoho\back\node_modules\egg-core\lib\utils\index.js:44:21)
    at Object.classControllerMiddleware (L:\yoho\back\node_modules\egg-core\lib\loader\mixin\controller.js:87:20)
    at Object.callFn (L:\yoho\back\node_modules\@eggjs\router\lib\utils.js:12:21)
    at wrappedController (L:\yoho\back\node_modules\@eggjs\router\lib\egg_router.js:322:18)
    at dispatch (L:\yoho\back\node_modules\koa-compose\index.js:44:32)
    at next (L:\yoho\back\node_modules\koa-compose\index.js:45:18)
    at L:\yoho\back\node_modules\@eggjs\router\lib\router.js:190:18
    at dispatch (L:\yoho\back\node_modules\koa-compose\index.js:44:32)
    at L:\yoho\back\node_modules\koa-compose\index.js:36:12

pid: 10460
hostname: DESKTOP

2021-02-01 11:49:26,277 ERROR 7460 [-/127.0.0.1/-/25ms POST /login] nodejs.TypeError: Cannot read property 'query' of undefined
    at UserService.login (L:\yoho\back\app\service\user.js:6:38)
    at UserController.login (L:\yoho\back\app\controller\user.js:13:43)
    at Object.callFn (L:\yoho\back\node_modules\egg-core\lib\utils\index.js:44:21)
    at Object.classControllerMiddleware (L:\yoho\back\node_modules\egg-core\lib\loader\mixin\controller.js:87:20)
    at Object.callFn (L:\yoho\back\node_modules\@eggjs\router\lib\utils.js:12:21)
    at wrappedController (L:\yoho\back\node_modules\@eggjs\router\lib\egg_router.js:322:18)
    at dispatch (L:\yoho\back\node_modules\koa-compose\index.js:44:32)
    at next (L:\yoho\back\node_modules\koa-compose\index.js:45:18)
    at L:\yoho\back\node_modules\@eggjs\router\lib\router.js:190:18
    at dispatch (L:\yoho\back\node_modules\koa-compose\index.js:44:32)

pid: 7460
hostname: DESKTOP

2021-02-01 11:49:52,069 ERROR 12040 [-/127.0.0.1/-/23ms POST /login] nodejs.TypeError: Cannot read property 'query' of undefined
    at UserService.login (L:\yoho\back\app\service\user.js:6:41)
    at UserController.login (L:\yoho\back\app\controller\user.js:13:43)
    at Object.callFn (L:\yoho\back\node_modules\egg-core\lib\utils\index.js:44:21)
    at Object.classControllerMiddleware (L:\yoho\back\node_modules\egg-core\lib\loader\mixin\controller.js:87:20)
    at Object.callFn (L:\yoho\back\node_modules\@eggjs\router\lib\utils.js:12:21)
    at wrappedController (L:\yoho\back\node_modules\@eggjs\router\lib\egg_router.js:322:18)
    at dispatch (L:\yoho\back\node_modules\koa-compose\index.js:44:32)
    at next (L:\yoho\back\node_modules\koa-compose\index.js:45:18)
    at L:\yoho\back\node_modules\@eggjs\router\lib\router.js:190:18
    at dispatch (L:\yoho\back\node_modules\koa-compose\index.js:44:32)

pid: 12040
hostname: DESKTOP

2021-02-01 11:50:23,941 ERROR 12512 [-/127.0.0.1/-/36ms POST /login] nodejs.TypeError: Cannot read property 'query' of undefined
    at UserService.login (L:\yoho\back\app\service\user.js:7:41)
    at UserController.login (L:\yoho\back\app\controller\user.js:13:43)
    at Object.callFn (L:\yoho\back\node_modules\egg-core\lib\utils\index.js:44:21)
    at Object.classControllerMiddleware (L:\yoho\back\node_modules\egg-core\lib\loader\mixin\controller.js:87:20)
    at Object.callFn (L:\yoho\back\node_modules\@eggjs\router\lib\utils.js:12:21)
    at wrappedController (L:\yoho\back\node_modules\@eggjs\router\lib\egg_router.js:322:18)
    at dispatch (L:\yoho\back\node_modules\koa-compose\index.js:44:32)
    at next (L:\yoho\back\node_modules\koa-compose\index.js:45:18)
    at L:\yoho\back\node_modules\@eggjs\router\lib\router.js:190:18
    at dispatch (L:\yoho\back\node_modules\koa-compose\index.js:44:32)

pid: 12512
hostname: DESKTOP

2021-02-01 11:50:39,386 ERROR 5300 [-/127.0.0.1/-/26ms POST /login] nodejs.TypeError: Cannot read property 'query' of undefined
    at UserService.login (L:\yoho\back\app\service\user.js:7:41)
    at UserController.login (L:\yoho\back\app\controller\user.js:13:43)
    at Object.callFn (L:\yoho\back\node_modules\egg-core\lib\utils\index.js:44:21)
    at Object.classControllerMiddleware (L:\yoho\back\node_modules\egg-core\lib\loader\mixin\controller.js:87:20)
    at Object.callFn (L:\yoho\back\node_modules\@eggjs\router\lib\utils.js:12:21)
    at wrappedController (L:\yoho\back\node_modules\@eggjs\router\lib\egg_router.js:322:18)
    at dispatch (L:\yoho\back\node_modules\koa-compose\index.js:44:32)
    at next (L:\yoho\back\node_modules\koa-compose\index.js:45:18)
    at L:\yoho\back\node_modules\@eggjs\router\lib\router.js:190:18
    at dispatch (L:\yoho\back\node_modules\koa-compose\index.js:44:32)

pid: 5300
hostname: DESKTOP

2021-02-01 11:50:56,056 ERROR 12092 [-/127.0.0.1/-/25ms POST /login] nodejs.TypeError: Cannot read property 'query' of undefined
    at UserService.login (L:\yoho\back\app\service\user.js:7:38)
    at UserController.login (L:\yoho\back\app\controller\user.js:13:43)
    at Object.callFn (L:\yoho\back\node_modules\egg-core\lib\utils\index.js:44:21)
    at Object.classControllerMiddleware (L:\yoho\back\node_modules\egg-core\lib\loader\mixin\controller.js:87:20)
    at Object.callFn (L:\yoho\back\node_modules\@eggjs\router\lib\utils.js:12:21)
    at wrappedController (L:\yoho\back\node_modules\@eggjs\router\lib\egg_router.js:322:18)
    at dispatch (L:\yoho\back\node_modules\koa-compose\index.js:44:32)
    at next (L:\yoho\back\node_modules\koa-compose\index.js:45:18)
    at L:\yoho\back\node_modules\@eggjs\router\lib\router.js:190:18
    at dispatch (L:\yoho\back\node_modules\koa-compose\index.js:44:32)

pid: 12092
hostname: DESKTOP

2021-02-01 11:51:25,053 ERROR 4952 [-/127.0.0.1/-/24ms POST /login] nodejs.ER_PARSE_ERRORError: ER_PARSE_ERROR: You have an error in your SQL syntax; check the manual that corresponds to your MySQL server version for the right syntax to use near '?' at line 1
    at Query.Sequence._packetToError (L:\yoho\back\node_modules\mysql\lib\protocol\sequences\Sequence.js:47:14)
    at Query.ErrorPacket (L:\yoho\back\node_modules\mysql\lib\protocol\sequences\Query.js:79:18)
    at Protocol._parsePacket (L:\yoho\back\node_modules\mysql\lib\protocol\Protocol.js:291:23)
    at Parser._parsePacket (L:\yoho\back\node_modules\mysql\lib\protocol\Parser.js:433:10)
    at Parser.write (L:\yoho\back\node_modules\mysql\lib\protocol\Parser.js:43:10)
    at Protocol.write (L:\yoho\back\node_modules\mysql\lib\protocol\Protocol.js:38:16)
    at Socket.<anonymous> (L:\yoho\back\node_modules\mysql\lib\Connection.js:88:28)
    at Socket.<anonymous> (L:\yoho\back\node_modules\mysql\lib\Connection.js:526:10)
    at Socket.emit (events.js:315:20)
    at addChunk (_stream_readable.js:302:12)
    --------------------
    at Pool.query (L:\yoho\back\node_modules\mysql\lib\Pool.js:199:23)
    at L:\yoho\back\node_modules\ali-rds\node_modules\pify\index.js:29:7
    at new Promise (<anonymous>)
    at Pool.<anonymous> (L:\yoho\back\node_modules\ali-rds\node_modules\pify\index.js:12:10)
    at Pool.ret [as query] (L:\yoho\back\node_modules\ali-rds\node_modules\pify\index.js:56:34)
    at RDSClient.proto._query (L:\yoho\back\node_modules\ali-rds\lib\client.js:38:20)
    at RDSClient.proto.query (L:\yoho\back\node_modules\ali-rds\lib\operator.js:54:29)
    at proto.query.next (<anonymous>)
    at onFulfilled (L:\yoho\back\node_modules\co\index.js:65:19)
    at L:\yoho\back\node_modules\co\index.js:54:5
    sql: SELECT userid,username FROM userinfo WHERE phone = '15237155820' AND PASSWORD = ?
code: "ER_PARSE_ERROR"
errno: 1064
sqlMessage: "You have an error in your SQL syntax; check the manual that corresponds to your MySQL server version for the right syntax to use near '?' at line 1"
sqlState: "42000"
index: 0
sql: "SELECT userid,username FROM userinfo WHERE phone = '15237155820' AND PASSWORD = ?"
name: "ER_PARSE_ERRORError"
pid: 4952
hostname: DESKTOP

2021-02-01 12:36:09,312 WARN 13728 [-/127.0.0.1/-/2ms GET /] nodejs.UnauthorizedError: Format is Authorization: Bearer [token]
    at middleware (L:\yoho\back\node_modules\koa-jwt2\lib\index.js:81:15)
    at dispatch (L:\yoho\back\node_modules\koa-compose\index.js:44:32)
    at next (L:\yoho\back\node_modules\koa-compose\index.js:45:18)
    at L:\yoho\back\node_modules\@eggjs\router\lib\router.js:190:18
    at dispatch (L:\yoho\back\node_modules\koa-compose\index.js:44:32)
    at L:\yoho\back\node_modules\koa-compose\index.js:36:12
    at dispatch (L:\yoho\back\node_modules\@eggjs\router\lib\router.js:195:33)
    at dispatch (L:\yoho\back\node_modules\koa\node_modules\koa-compose\index.js:42:32)
    at L:\yoho\back\node_modules\egg-development\app\middleware\egg_loader_trace.js:9:56
    at dispatch (L:\yoho\back\node_modules\koa\node_modules\koa-compose\index.js:42:32)
name: "UnauthorizedError"
message: "Format is Authorization: Bearer [token]"
code: "credentials_bad_format"
status: 401
inner: {"message":"Format is Authorization: Bearer [token]"}
pid: 13728
hostname: DESKTOP

2021-02-01 12:37:45,482 WARN 8548 [-/127.0.0.1/-/5ms POST /getuserinfo] nodejs.UnauthorizedError: Format is Authorization: Bearer [token]
    at middleware (L:\yoho\back\node_modules\koa-jwt2\lib\index.js:81:15)
    at dispatch (L:\yoho\back\node_modules\koa-compose\index.js:44:32)
    at next (L:\yoho\back\node_modules\koa-compose\index.js:45:18)
    at L:\yoho\back\node_modules\@eggjs\router\lib\router.js:190:18
    at dispatch (L:\yoho\back\node_modules\koa-compose\index.js:44:32)
    at L:\yoho\back\node_modules\koa-compose\index.js:36:12
    at dispatch (L:\yoho\back\node_modules\@eggjs\router\lib\router.js:195:33)
    at dispatch (L:\yoho\back\node_modules\koa\node_modules\koa-compose\index.js:42:32)
    at L:\yoho\back\node_modules\egg-development\app\middleware\egg_loader_trace.js:9:56
    at dispatch (L:\yoho\back\node_modules\koa\node_modules\koa-compose\index.js:42:32)
name: "UnauthorizedError"
message: "Format is Authorization: Bearer [token]"
code: "credentials_bad_format"
status: 401
inner: {"message":"Format is Authorization: Bearer [token]"}
pid: 8548
hostname: DESKTOP

2021-02-01 17:15:41,125 ERROR 5952 [-/127.0.0.1/-/26ms POST /api/getRecommend] nodejs.ER_PARSE_ERRORError: ER_PARSE_ERROR: You have an error in your SQL syntax; check the manual that corresponds to your MySQL server version for the right syntax to use near ''2'' at line 1
    at Query.Sequence._packetToError (L:\yoho\back\node_modules\mysql\lib\protocol\sequences\Sequence.js:47:14)
    at Query.ErrorPacket (L:\yoho\back\node_modules\mysql\lib\protocol\sequences\Query.js:79:18)
    at Protocol._parsePacket (L:\yoho\back\node_modules\mysql\lib\protocol\Protocol.js:291:23)
    at Parser._parsePacket (L:\yoho\back\node_modules\mysql\lib\protocol\Parser.js:433:10)
    at Parser.write (L:\yoho\back\node_modules\mysql\lib\protocol\Parser.js:43:10)
    at Protocol.write (L:\yoho\back\node_modules\mysql\lib\protocol\Protocol.js:38:16)
    at Socket.<anonymous> (L:\yoho\back\node_modules\mysql\lib\Connection.js:88:28)
    at Socket.<anonymous> (L:\yoho\back\node_modules\mysql\lib\Connection.js:526:10)
    at Socket.emit (events.js:315:20)
    at addChunk (_stream_readable.js:302:12)
    --------------------
    at Pool.query (L:\yoho\back\node_modules\mysql\lib\Pool.js:199:23)
    at L:\yoho\back\node_modules\ali-rds\node_modules\pify\index.js:29:7
    at new Promise (<anonymous>)
    at Pool.<anonymous> (L:\yoho\back\node_modules\ali-rds\node_modules\pify\index.js:12:10)
    at Pool.ret [as query] (L:\yoho\back\node_modules\ali-rds\node_modules\pify\index.js:56:34)
    at RDSClient.proto._query (L:\yoho\back\node_modules\ali-rds\lib\client.js:38:20)
    at RDSClient.proto.query (L:\yoho\back\node_modules\ali-rds\lib\operator.js:54:29)
    at proto.query.next (<anonymous>)
    at onFulfilled (L:\yoho\back\node_modules\co\index.js:65:19)
    at L:\yoho\back\node_modules\co\index.js:54:5
    sql: SELECT productid,title,price,image,issale,oldprice FROM product WHERE isrecommend = 1 LIMIT '2'
code: "ER_PARSE_ERROR"
errno: 1064
sqlMessage: "You have an error in your SQL syntax; check the manual that corresponds to your MySQL server version for the right syntax to use near ''2'' at line 1"
sqlState: "42000"
index: 0
sql: "SELECT productid,title,price,image,issale,oldprice FROM product WHERE isrecommend = 1 LIMIT '2'"
name: "ER_PARSE_ERRORError"
pid: 5952
hostname: DESKTOP

2021-02-03 10:48:25,769 ERROR 4312 [-/127.0.0.1/-/19ms POST /api/register] nodejs.ER_BAD_FIELD_ERRORError: ER_BAD_FIELD_ERROR: Unknown column 'COUNT' in 'field list'
    at Query.Sequence._packetToError (L:\yoho\back\node_modules\mysql\lib\protocol\sequences\Sequence.js:47:14)
    at Query.ErrorPacket (L:\yoho\back\node_modules\mysql\lib\protocol\sequences\Query.js:79:18)
    at Protocol._parsePacket (L:\yoho\back\node_modules\mysql\lib\protocol\Protocol.js:291:23)
    at Parser._parsePacket (L:\yoho\back\node_modules\mysql\lib\protocol\Parser.js:433:10)
    at Parser.write (L:\yoho\back\node_modules\mysql\lib\protocol\Parser.js:43:10)
    at Protocol.write (L:\yoho\back\node_modules\mysql\lib\protocol\Protocol.js:38:16)
    at Socket.<anonymous> (L:\yoho\back\node_modules\mysql\lib\Connection.js:88:28)
    at Socket.<anonymous> (L:\yoho\back\node_modules\mysql\lib\Connection.js:526:10)
    at Socket.emit (events.js:315:20)
    at addChunk (_stream_readable.js:302:12)
    --------------------
    at Pool.query (L:\yoho\back\node_modules\mysql\lib\Pool.js:199:23)
    at L:\yoho\back\node_modules\ali-rds\node_modules\pify\index.js:29:7
    at new Promise (<anonymous>)
    at Pool.<anonymous> (L:\yoho\back\node_modules\ali-rds\node_modules\pify\index.js:12:10)
    at Pool.ret [as query] (L:\yoho\back\node_modules\ali-rds\node_modules\pify\index.js:56:34)
    at RDSClient.proto._query (L:\yoho\back\node_modules\ali-rds\lib\client.js:38:20)
    at RDSClient.proto.query (L:\yoho\back\node_modules\ali-rds\lib\operator.js:54:29)
    at proto.query.next (<anonymous>)
    at onFulfilled (L:\yoho\back\node_modules\co\index.js:65:19)
    at L:\yoho\back\node_modules\co\index.js:54:5
    sql: SELECT COUNT FROM userinfo WHERE phone = '13713713711'
code: "ER_BAD_FIELD_ERROR"
errno: 1054
sqlMessage: "Unknown column 'COUNT' in 'field list'"
sqlState: "42S22"
index: 0
sql: "SELECT COUNT FROM userinfo WHERE phone = '13713713711'"
headers: {"Access-Control-Allow-Origin":"http://localhost:3000","Access-Control-Allow-Credentials":"true","vary":"Origin"}
name: "ER_BAD_FIELD_ERRORError"
pid: 4312
hostname: DESKTOP

2021-02-03 10:48:39,853 ERROR 4312 [-/127.0.0.1/-/4ms POST /api/register] nodejs.ER_BAD_FIELD_ERRORError: ER_BAD_FIELD_ERROR: Unknown column 'COUNT' in 'field list'
    at Query.Sequence._packetToError (L:\yoho\back\node_modules\mysql\lib\protocol\sequences\Sequence.js:47:14)
    at Query.ErrorPacket (L:\yoho\back\node_modules\mysql\lib\protocol\sequences\Query.js:79:18)
    at Protocol._parsePacket (L:\yoho\back\node_modules\mysql\lib\protocol\Protocol.js:291:23)
    at Parser._parsePacket (L:\yoho\back\node_modules\mysql\lib\protocol\Parser.js:433:10)
    at Parser.write (L:\yoho\back\node_modules\mysql\lib\protocol\Parser.js:43:10)
    at Protocol.write (L:\yoho\back\node_modules\mysql\lib\protocol\Protocol.js:38:16)
    at Socket.<anonymous> (L:\yoho\back\node_modules\mysql\lib\Connection.js:88:28)
    at Socket.<anonymous> (L:\yoho\back\node_modules\mysql\lib\Connection.js:526:10)
    at Socket.emit (events.js:315:20)
    at addChunk (_stream_readable.js:302:12)
    --------------------
    at Pool.query (L:\yoho\back\node_modules\mysql\lib\Pool.js:199:23)
    at L:\yoho\back\node_modules\ali-rds\node_modules\pify\index.js:29:7
    at new Promise (<anonymous>)
    at Pool.<anonymous> (L:\yoho\back\node_modules\ali-rds\node_modules\pify\index.js:12:10)
    at Pool.ret [as query] (L:\yoho\back\node_modules\ali-rds\node_modules\pify\index.js:56:34)
    at RDSClient.proto._query (L:\yoho\back\node_modules\ali-rds\lib\client.js:38:20)
    at RDSClient.proto.query (L:\yoho\back\node_modules\ali-rds\lib\operator.js:54:29)
    at proto.query.next (<anonymous>)
    at onFulfilled (L:\yoho\back\node_modules\co\index.js:65:19)
    at L:\yoho\back\node_modules\co\index.js:54:5
    sql: SELECT COUNT FROM userinfo WHERE phone = '13713713711'
code: "ER_BAD_FIELD_ERROR"
errno: 1054
sqlMessage: "Unknown column 'COUNT' in 'field list'"
sqlState: "42S22"
index: 0
sql: "SELECT COUNT FROM userinfo WHERE phone = '13713713711'"
headers: {"Access-Control-Allow-Origin":"http://localhost:3000","Access-Control-Allow-Credentials":"true","vary":"Origin"}
name: "ER_BAD_FIELD_ERRORError"
pid: 4312
hostname: DESKTOP

2021-02-03 10:48:46,769 ERROR 6696 [-/127.0.0.1/-/23ms POST /api/register] nodejs.ER_BAD_FIELD_ERRORError: ER_BAD_FIELD_ERROR: Unknown column 'COUNT' in 'field list'
    at Query.Sequence._packetToError (L:\yoho\back\node_modules\mysql\lib\protocol\sequences\Sequence.js:47:14)
    at Query.ErrorPacket (L:\yoho\back\node_modules\mysql\lib\protocol\sequences\Query.js:79:18)
    at Protocol._parsePacket (L:\yoho\back\node_modules\mysql\lib\protocol\Protocol.js:291:23)
    at Parser._parsePacket (L:\yoho\back\node_modules\mysql\lib\protocol\Parser.js:433:10)
    at Parser.write (L:\yoho\back\node_modules\mysql\lib\protocol\Parser.js:43:10)
    at Protocol.write (L:\yoho\back\node_modules\mysql\lib\protocol\Protocol.js:38:16)
    at Socket.<anonymous> (L:\yoho\back\node_modules\mysql\lib\Connection.js:88:28)
    at Socket.<anonymous> (L:\yoho\back\node_modules\mysql\lib\Connection.js:526:10)
    at Socket.emit (events.js:315:20)
    at addChunk (_stream_readable.js:302:12)
    --------------------
    at Pool.query (L:\yoho\back\node_modules\mysql\lib\Pool.js:199:23)
    at L:\yoho\back\node_modules\ali-rds\node_modules\pify\index.js:29:7
    at new Promise (<anonymous>)
    at Pool.<anonymous> (L:\yoho\back\node_modules\ali-rds\node_modules\pify\index.js:12:10)
    at Pool.ret [as query] (L:\yoho\back\node_modules\ali-rds\node_modules\pify\index.js:56:34)
    at RDSClient.proto._query (L:\yoho\back\node_modules\ali-rds\lib\client.js:38:20)
    at RDSClient.proto.query (L:\yoho\back\node_modules\ali-rds\lib\operator.js:54:29)
    at proto.query.next (<anonymous>)
    at onFulfilled (L:\yoho\back\node_modules\co\index.js:65:19)
    at L:\yoho\back\node_modules\co\index.js:54:5
    sql: SELECT COUNT FROM userinfo WHERE phone = '13713713711'
code: "ER_BAD_FIELD_ERROR"
errno: 1054
sqlMessage: "Unknown column 'COUNT' in 'field list'"
sqlState: "42S22"
index: 0
sql: "SELECT COUNT FROM userinfo WHERE phone = '13713713711'"
headers: {"Access-Control-Allow-Origin":"http://localhost:3000","Access-Control-Allow-Credentials":"true","vary":"Origin"}
name: "ER_BAD_FIELD_ERRORError"
pid: 6696
hostname: DESKTOP

2021-02-03 10:50:11,244 ERROR 11652 [-/127.0.0.1/-/18ms POST /api/register] nodejs.ReferenceError: userid is not defined
    at UserController.register (L:\yoho\back\app\controller\user.js:42:48)
    at processTicksAndRejections (internal/process/task_queues.js:97:5)
    at async L:\yoho\back\node_modules\egg-development\app\middleware\egg_loader_trace.js:9:50
    at async xframe (L:\yoho\back\node_modules\egg-security\lib\middlewares\xframe.js:7:5)
    at async xssProtection (L:\yoho\back\node_modules\egg-security\lib\middlewares\xssProtection.js:7:5)
    at async nosniff (L:\yoho\back\node_modules\egg-security\lib\middlewares\nosniff.js:8:5)
    at async noopen (L:\yoho\back\node_modules\egg-security\lib\middlewares\noopen.js:8:5)
    at async session (L:\yoho\back\node_modules\koa-session\index.js:41:7)
    at async bodyParser (L:\yoho\back\node_modules\koa-bodyparser\index.js:95:5)
    at async L:\yoho\back\node_modules\koa-static-cache\index.js:39:63
headers: {"Access-Control-Allow-Origin":"http://localhost:3000","Access-Control-Allow-Credentials":"true","vary":"Origin"}
pid: 11652
hostname: DESKTOP

2021-02-03 11:30:47,713 ERROR 10764 [-/127.0.0.1/-/23ms POST /api/register] nodejs.ER_PARSE_ERRORError: ER_PARSE_ERROR: You have an error in your SQL syntax; check the manual that corresponds to your MySQL server version for the right syntax to use near '?' at line 1
    at Query.Sequence._packetToError (L:\yoho\back\node_modules\mysql\lib\protocol\sequences\Sequence.js:47:14)
    at Query.ErrorPacket (L:\yoho\back\node_modules\mysql\lib\protocol\sequences\Query.js:79:18)
    at Protocol._parsePacket (L:\yoho\back\node_modules\mysql\lib\protocol\Protocol.js:291:23)
    at Parser._parsePacket (L:\yoho\back\node_modules\mysql\lib\protocol\Parser.js:433:10)
    at Parser.write (L:\yoho\back\node_modules\mysql\lib\protocol\Parser.js:43:10)
    at Protocol.write (L:\yoho\back\node_modules\mysql\lib\protocol\Protocol.js:38:16)
    at Socket.<anonymous> (L:\yoho\back\node_modules\mysql\lib\Connection.js:88:28)
    at Socket.<anonymous> (L:\yoho\back\node_modules\mysql\lib\Connection.js:526:10)
    at Socket.emit (events.js:315:20)
    at addChunk (_stream_readable.js:302:12)
    --------------------
    at Pool.query (L:\yoho\back\node_modules\mysql\lib\Pool.js:199:23)
    at L:\yoho\back\node_modules\ali-rds\node_modules\pify\index.js:29:7
    at new Promise (<anonymous>)
    at Pool.<anonymous> (L:\yoho\back\node_modules\ali-rds\node_modules\pify\index.js:12:10)
    at Pool.ret [as query] (L:\yoho\back\node_modules\ali-rds\node_modules\pify\index.js:56:34)
    at RDSClient.proto._query (L:\yoho\back\node_modules\ali-rds\lib\client.js:38:20)
    at RDSClient.proto.query (L:\yoho\back\node_modules\ali-rds\lib\operator.js:54:29)
    at proto.query.next (<anonymous>)
    at onFulfilled (L:\yoho\back\node_modules\co\index.js:65:19)
    at L:\yoho\back\node_modules\co\index.js:54:5
    sql: SELECT COUNT(userid) FROM userinfo WHERE phone = ?
code: "ER_PARSE_ERROR"
errno: 1064
sqlMessage: "You have an error in your SQL syntax; check the manual that corresponds to your MySQL server version for the right syntax to use near '?' at line 1"
sqlState: "42000"
index: 0
sql: "SELECT COUNT(userid) FROM userinfo WHERE phone = ?"
headers: {"Access-Control-Allow-Origin":"http://localhost:3000","Access-Control-Allow-Credentials":"true","vary":"Origin"}
name: "ER_PARSE_ERRORError"
pid: 10764
hostname: DESKTOP

2021-02-03 11:31:10,345 ERROR 10764 [-/127.0.0.1/-/3ms POST /api/register] nodejs.ER_PARSE_ERRORError: ER_PARSE_ERROR: You have an error in your SQL syntax; check the manual that corresponds to your MySQL server version for the right syntax to use near '?' at line 1
    at Query.Sequence._packetToError (L:\yoho\back\node_modules\mysql\lib\protocol\sequences\Sequence.js:47:14)
    at Query.ErrorPacket (L:\yoho\back\node_modules\mysql\lib\protocol\sequences\Query.js:79:18)
    at Protocol._parsePacket (L:\yoho\back\node_modules\mysql\lib\protocol\Protocol.js:291:23)
    at Parser._parsePacket (L:\yoho\back\node_modules\mysql\lib\protocol\Parser.js:433:10)
    at Parser.write (L:\yoho\back\node_modules\mysql\lib\protocol\Parser.js:43:10)
    at Protocol.write (L:\yoho\back\node_modules\mysql\lib\protocol\Protocol.js:38:16)
    at Socket.<anonymous> (L:\yoho\back\node_modules\mysql\lib\Connection.js:88:28)
    at Socket.<anonymous> (L:\yoho\back\node_modules\mysql\lib\Connection.js:526:10)
    at Socket.emit (events.js:315:20)
    at addChunk (_stream_readable.js:302:12)
    --------------------
    at Pool.query (L:\yoho\back\node_modules\mysql\lib\Pool.js:199:23)
    at L:\yoho\back\node_modules\ali-rds\node_modules\pify\index.js:29:7
    at new Promise (<anonymous>)
    at Pool.<anonymous> (L:\yoho\back\node_modules\ali-rds\node_modules\pify\index.js:12:10)
    at Pool.ret [as query] (L:\yoho\back\node_modules\ali-rds\node_modules\pify\index.js:56:34)
    at RDSClient.proto._query (L:\yoho\back\node_modules\ali-rds\lib\client.js:38:20)
    at RDSClient.proto.query (L:\yoho\back\node_modules\ali-rds\lib\operator.js:54:29)
    at proto.query.next (<anonymous>)
    at onFulfilled (L:\yoho\back\node_modules\co\index.js:65:19)
    at L:\yoho\back\node_modules\co\index.js:54:5
    sql: SELECT COUNT(userid) FROM userinfo WHERE phone = ?
code: "ER_PARSE_ERROR"
errno: 1064
sqlMessage: "You have an error in your SQL syntax; check the manual that corresponds to your MySQL server version for the right syntax to use near '?' at line 1"
sqlState: "42000"
index: 0
sql: "SELECT COUNT(userid) FROM userinfo WHERE phone = ?"
headers: {"Access-Control-Allow-Origin":"http://localhost:3000","Access-Control-Allow-Credentials":"true","vary":"Origin"}
name: "ER_PARSE_ERRORError"
pid: 10764
hostname: DESKTOP

2021-02-03 11:31:16,884 ERROR 10764 [-/127.0.0.1/-/2ms POST /api/register] nodejs.ER_PARSE_ERRORError: ER_PARSE_ERROR: You have an error in your SQL syntax; check the manual that corresponds to your MySQL server version for the right syntax to use near '?' at line 1
    at Query.Sequence._packetToError (L:\yoho\back\node_modules\mysql\lib\protocol\sequences\Sequence.js:47:14)
    at Query.ErrorPacket (L:\yoho\back\node_modules\mysql\lib\protocol\sequences\Query.js:79:18)
    at Protocol._parsePacket (L:\yoho\back\node_modules\mysql\lib\protocol\Protocol.js:291:23)
    at Parser._parsePacket (L:\yoho\back\node_modules\mysql\lib\protocol\Parser.js:433:10)
    at Parser.write (L:\yoho\back\node_modules\mysql\lib\protocol\Parser.js:43:10)
    at Protocol.write (L:\yoho\back\node_modules\mysql\lib\protocol\Protocol.js:38:16)
    at Socket.<anonymous> (L:\yoho\back\node_modules\mysql\lib\Connection.js:88:28)
    at Socket.<anonymous> (L:\yoho\back\node_modules\mysql\lib\Connection.js:526:10)
    at Socket.emit (events.js:315:20)
    at addChunk (_stream_readable.js:302:12)
    --------------------
    at Pool.query (L:\yoho\back\node_modules\mysql\lib\Pool.js:199:23)
    at L:\yoho\back\node_modules\ali-rds\node_modules\pify\index.js:29:7
    at new Promise (<anonymous>)
    at Pool.<anonymous> (L:\yoho\back\node_modules\ali-rds\node_modules\pify\index.js:12:10)
    at Pool.ret [as query] (L:\yoho\back\node_modules\ali-rds\node_modules\pify\index.js:56:34)
    at RDSClient.proto._query (L:\yoho\back\node_modules\ali-rds\lib\client.js:38:20)
    at RDSClient.proto.query (L:\yoho\back\node_modules\ali-rds\lib\operator.js:54:29)
    at proto.query.next (<anonymous>)
    at onFulfilled (L:\yoho\back\node_modules\co\index.js:65:19)
    at L:\yoho\back\node_modules\co\index.js:54:5
    sql: SELECT COUNT(userid) FROM userinfo WHERE phone = ?
code: "ER_PARSE_ERROR"
errno: 1064
sqlMessage: "You have an error in your SQL syntax; check the manual that corresponds to your MySQL server version for the right syntax to use near '?' at line 1"
sqlState: "42000"
index: 0
sql: "SELECT COUNT(userid) FROM userinfo WHERE phone = ?"
headers: {"Access-Control-Allow-Origin":"http://localhost:3000","Access-Control-Allow-Credentials":"true","vary":"Origin"}
name: "ER_PARSE_ERRORError"
pid: 10764
hostname: DESKTOP

2021-02-03 11:31:48,831 ERROR 6780 [-/127.0.0.1/-/33ms POST /api/register] nodejs.ER_PARSE_ERRORError: ER_PARSE_ERROR: You have an error in your SQL syntax; check the manual that corresponds to your MySQL server version for the right syntax to use near '?' at line 1
    at Query.Sequence._packetToError (L:\yoho\back\node_modules\mysql\lib\protocol\sequences\Sequence.js:47:14)
    at Query.ErrorPacket (L:\yoho\back\node_modules\mysql\lib\protocol\sequences\Query.js:79:18)
    at Protocol._parsePacket (L:\yoho\back\node_modules\mysql\lib\protocol\Protocol.js:291:23)
    at Parser._parsePacket (L:\yoho\back\node_modules\mysql\lib\protocol\Parser.js:433:10)
    at Parser.write (L:\yoho\back\node_modules\mysql\lib\protocol\Parser.js:43:10)
    at Protocol.write (L:\yoho\back\node_modules\mysql\lib\protocol\Protocol.js:38:16)
    at Socket.<anonymous> (L:\yoho\back\node_modules\mysql\lib\Connection.js:88:28)
    at Socket.<anonymous> (L:\yoho\back\node_modules\mysql\lib\Connection.js:526:10)
    at Socket.emit (events.js:315:20)
    at addChunk (_stream_readable.js:302:12)
    --------------------
    at Pool.query (L:\yoho\back\node_modules\mysql\lib\Pool.js:199:23)
    at L:\yoho\back\node_modules\ali-rds\node_modules\pify\index.js:29:7
    at new Promise (<anonymous>)
    at Pool.<anonymous> (L:\yoho\back\node_modules\ali-rds\node_modules\pify\index.js:12:10)
    at Pool.ret [as query] (L:\yoho\back\node_modules\ali-rds\node_modules\pify\index.js:56:34)
    at RDSClient.proto._query (L:\yoho\back\node_modules\ali-rds\lib\client.js:38:20)
    at RDSClient.proto.query (L:\yoho\back\node_modules\ali-rds\lib\operator.js:54:29)
    at proto.query.next (<anonymous>)
    at onFulfilled (L:\yoho\back\node_modules\co\index.js:65:19)
    at L:\yoho\back\node_modules\co\index.js:54:5
    sql: SELECT COUNT(userid) FROM userinfo WHERE phone = ?
code: "ER_PARSE_ERROR"
errno: 1064
sqlMessage: "You have an error in your SQL syntax; check the manual that corresponds to your MySQL server version for the right syntax to use near '?' at line 1"
sqlState: "42000"
index: 0
sql: "SELECT COUNT(userid) FROM userinfo WHERE phone = ?"
headers: {"Access-Control-Allow-Origin":"http://localhost:3000","Access-Control-Allow-Credentials":"true","vary":"Origin"}
name: "ER_PARSE_ERRORError"
pid: 6780
hostname: DESKTOP

2021-02-03 11:31:52,663 ERROR 6780 [-/127.0.0.1/-/4ms POST /api/register] nodejs.ER_PARSE_ERRORError: ER_PARSE_ERROR: You have an error in your SQL syntax; check the manual that corresponds to your MySQL server version for the right syntax to use near '?' at line 1
    at Query.Sequence._packetToError (L:\yoho\back\node_modules\mysql\lib\protocol\sequences\Sequence.js:47:14)
    at Query.ErrorPacket (L:\yoho\back\node_modules\mysql\lib\protocol\sequences\Query.js:79:18)
    at Protocol._parsePacket (L:\yoho\back\node_modules\mysql\lib\protocol\Protocol.js:291:23)
    at Parser._parsePacket (L:\yoho\back\node_modules\mysql\lib\protocol\Parser.js:433:10)
    at Parser.write (L:\yoho\back\node_modules\mysql\lib\protocol\Parser.js:43:10)
    at Protocol.write (L:\yoho\back\node_modules\mysql\lib\protocol\Protocol.js:38:16)
    at Socket.<anonymous> (L:\yoho\back\node_modules\mysql\lib\Connection.js:88:28)
    at Socket.<anonymous> (L:\yoho\back\node_modules\mysql\lib\Connection.js:526:10)
    at Socket.emit (events.js:315:20)
    at addChunk (_stream_readable.js:302:12)
    --------------------
    at Pool.query (L:\yoho\back\node_modules\mysql\lib\Pool.js:199:23)
    at L:\yoho\back\node_modules\ali-rds\node_modules\pify\index.js:29:7
    at new Promise (<anonymous>)
    at Pool.<anonymous> (L:\yoho\back\node_modules\ali-rds\node_modules\pify\index.js:12:10)
    at Pool.ret [as query] (L:\yoho\back\node_modules\ali-rds\node_modules\pify\index.js:56:34)
    at RDSClient.proto._query (L:\yoho\back\node_modules\ali-rds\lib\client.js:38:20)
    at RDSClient.proto.query (L:\yoho\back\node_modules\ali-rds\lib\operator.js:54:29)
    at proto.query.next (<anonymous>)
    at onFulfilled (L:\yoho\back\node_modules\co\index.js:65:19)
    at L:\yoho\back\node_modules\co\index.js:54:5
    sql: SELECT COUNT(userid) FROM userinfo WHERE phone = ?
code: "ER_PARSE_ERROR"
errno: 1064
sqlMessage: "You have an error in your SQL syntax; check the manual that corresponds to your MySQL server version for the right syntax to use near '?' at line 1"
sqlState: "42000"
index: 0
sql: "SELECT COUNT(userid) FROM userinfo WHERE phone = ?"
headers: {"Access-Control-Allow-Origin":"http://localhost:3000","Access-Control-Allow-Credentials":"true","vary":"Origin"}
name: "ER_PARSE_ERRORError"
pid: 6780
hostname: DESKTOP

2021-02-03 11:34:13,684 ERROR 120 [-/127.0.0.1/-/18ms POST /api/register] nodejs.ER_PARSE_ERRORError: ER_PARSE_ERROR: You have an error in your SQL syntax; check the manual that corresponds to your MySQL server version for the right syntax to use near '?' at line 1
    at Query.Sequence._packetToError (L:\yoho\back\node_modules\mysql\lib\protocol\sequences\Sequence.js:47:14)
    at Query.ErrorPacket (L:\yoho\back\node_modules\mysql\lib\protocol\sequences\Query.js:79:18)
    at Protocol._parsePacket (L:\yoho\back\node_modules\mysql\lib\protocol\Protocol.js:291:23)
    at Parser._parsePacket (L:\yoho\back\node_modules\mysql\lib\protocol\Parser.js:433:10)
    at Parser.write (L:\yoho\back\node_modules\mysql\lib\protocol\Parser.js:43:10)
    at Protocol.write (L:\yoho\back\node_modules\mysql\lib\protocol\Protocol.js:38:16)
    at Socket.<anonymous> (L:\yoho\back\node_modules\mysql\lib\Connection.js:88:28)
    at Socket.<anonymous> (L:\yoho\back\node_modules\mysql\lib\Connection.js:526:10)
    at Socket.emit (events.js:315:20)
    at addChunk (_stream_readable.js:302:12)
    --------------------
    at Pool.query (L:\yoho\back\node_modules\mysql\lib\Pool.js:199:23)
    at L:\yoho\back\node_modules\ali-rds\node_modules\pify\index.js:29:7
    at new Promise (<anonymous>)
    at Pool.<anonymous> (L:\yoho\back\node_modules\ali-rds\node_modules\pify\index.js:12:10)
    at Pool.ret [as query] (L:\yoho\back\node_modules\ali-rds\node_modules\pify\index.js:56:34)
    at RDSClient.proto._query (L:\yoho\back\node_modules\ali-rds\lib\client.js:38:20)
    at RDSClient.proto.query (L:\yoho\back\node_modules\ali-rds\lib\operator.js:54:29)
    at proto.query.next (<anonymous>)
    at onFulfilled (L:\yoho\back\node_modules\co\index.js:65:19)
    at L:\yoho\back\node_modules\co\index.js:54:5
    sql: SELECT COUNT(userid) FROM userinfo WHERE phone = ?
code: "ER_PARSE_ERROR"
errno: 1064
sqlMessage: "You have an error in your SQL syntax; check the manual that corresponds to your MySQL server version for the right syntax to use near '?' at line 1"
sqlState: "42000"
index: 0
sql: "SELECT COUNT(userid) FROM userinfo WHERE phone = ?"
headers: {"Access-Control-Allow-Origin":"http://localhost:3000","Access-Control-Allow-Credentials":"true","vary":"Origin"}
name: "ER_PARSE_ERRORError"
pid: 120
hostname: DESKTOP

2021-02-03 11:34:23,423 ERROR 120 [-/127.0.0.1/-/3ms POST /api/register] nodejs.ER_PARSE_ERRORError: ER_PARSE_ERROR: You have an error in your SQL syntax; check the manual that corresponds to your MySQL server version for the right syntax to use near '?' at line 1
    at Query.Sequence._packetToError (L:\yoho\back\node_modules\mysql\lib\protocol\sequences\Sequence.js:47:14)
    at Query.ErrorPacket (L:\yoho\back\node_modules\mysql\lib\protocol\sequences\Query.js:79:18)
    at Protocol._parsePacket (L:\yoho\back\node_modules\mysql\lib\protocol\Protocol.js:291:23)
    at Parser._parsePacket (L:\yoho\back\node_modules\mysql\lib\protocol\Parser.js:433:10)
    at Parser.write (L:\yoho\back\node_modules\mysql\lib\protocol\Parser.js:43:10)
    at Protocol.write (L:\yoho\back\node_modules\mysql\lib\protocol\Protocol.js:38:16)
    at Socket.<anonymous> (L:\yoho\back\node_modules\mysql\lib\Connection.js:88:28)
    at Socket.<anonymous> (L:\yoho\back\node_modules\mysql\lib\Connection.js:526:10)
    at Socket.emit (events.js:315:20)
    at addChunk (_stream_readable.js:302:12)
    --------------------
    at Pool.query (L:\yoho\back\node_modules\mysql\lib\Pool.js:199:23)
    at L:\yoho\back\node_modules\ali-rds\node_modules\pify\index.js:29:7
    at new Promise (<anonymous>)
    at Pool.<anonymous> (L:\yoho\back\node_modules\ali-rds\node_modules\pify\index.js:12:10)
    at Pool.ret [as query] (L:\yoho\back\node_modules\ali-rds\node_modules\pify\index.js:56:34)
    at RDSClient.proto._query (L:\yoho\back\node_modules\ali-rds\lib\client.js:38:20)
    at RDSClient.proto.query (L:\yoho\back\node_modules\ali-rds\lib\operator.js:54:29)
    at proto.query.next (<anonymous>)
    at onFulfilled (L:\yoho\back\node_modules\co\index.js:65:19)
    at L:\yoho\back\node_modules\co\index.js:54:5
    sql: SELECT COUNT(userid) FROM userinfo WHERE phone = ?
code: "ER_PARSE_ERROR"
errno: 1064
sqlMessage: "You have an error in your SQL syntax; check the manual that corresponds to your MySQL server version for the right syntax to use near '?' at line 1"
sqlState: "42000"
index: 0
sql: "SELECT COUNT(userid) FROM userinfo WHERE phone = ?"
headers: {"Access-Control-Allow-Origin":"http://localhost:3000","Access-Control-Allow-Credentials":"true","vary":"Origin"}
name: "ER_PARSE_ERRORError"
pid: 120
hostname: DESKTOP

2021-02-03 11:34:27,686 ERROR 120 [-/127.0.0.1/-/3ms POST /api/register] nodejs.ER_PARSE_ERRORError: ER_PARSE_ERROR: You have an error in your SQL syntax; check the manual that corresponds to your MySQL server version for the right syntax to use near '?' at line 1
    at Query.Sequence._packetToError (L:\yoho\back\node_modules\mysql\lib\protocol\sequences\Sequence.js:47:14)
    at Query.ErrorPacket (L:\yoho\back\node_modules\mysql\lib\protocol\sequences\Query.js:79:18)
    at Protocol._parsePacket (L:\yoho\back\node_modules\mysql\lib\protocol\Protocol.js:291:23)
    at Parser._parsePacket (L:\yoho\back\node_modules\mysql\lib\protocol\Parser.js:433:10)
    at Parser.write (L:\yoho\back\node_modules\mysql\lib\protocol\Parser.js:43:10)
    at Protocol.write (L:\yoho\back\node_modules\mysql\lib\protocol\Protocol.js:38:16)
    at Socket.<anonymous> (L:\yoho\back\node_modules\mysql\lib\Connection.js:88:28)
    at Socket.<anonymous> (L:\yoho\back\node_modules\mysql\lib\Connection.js:526:10)
    at Socket.emit (events.js:315:20)
    at addChunk (_stream_readable.js:302:12)
    --------------------
    at Pool.query (L:\yoho\back\node_modules\mysql\lib\Pool.js:199:23)
    at L:\yoho\back\node_modules\ali-rds\node_modules\pify\index.js:29:7
    at new Promise (<anonymous>)
    at Pool.<anonymous> (L:\yoho\back\node_modules\ali-rds\node_modules\pify\index.js:12:10)
    at Pool.ret [as query] (L:\yoho\back\node_modules\ali-rds\node_modules\pify\index.js:56:34)
    at RDSClient.proto._query (L:\yoho\back\node_modules\ali-rds\lib\client.js:38:20)
    at RDSClient.proto.query (L:\yoho\back\node_modules\ali-rds\lib\operator.js:54:29)
    at proto.query.next (<anonymous>)
    at onFulfilled (L:\yoho\back\node_modules\co\index.js:65:19)
    at L:\yoho\back\node_modules\co\index.js:54:5
    sql: SELECT COUNT(userid) FROM userinfo WHERE phone = ?
code: "ER_PARSE_ERROR"
errno: 1064
sqlMessage: "You have an error in your SQL syntax; check the manual that corresponds to your MySQL server version for the right syntax to use near '?' at line 1"
sqlState: "42000"
index: 0
sql: "SELECT COUNT(userid) FROM userinfo WHERE phone = ?"
headers: {"Access-Control-Allow-Origin":"http://localhost:3000","Access-Control-Allow-Credentials":"true","vary":"Origin"}
name: "ER_PARSE_ERRORError"
pid: 120
hostname: DESKTOP

2021-02-03 11:34:45,101 ERROR 120 [-/127.0.0.1/-/3ms POST /api/register] nodejs.ER_PARSE_ERRORError: ER_PARSE_ERROR: You have an error in your SQL syntax; check the manual that corresponds to your MySQL server version for the right syntax to use near '?' at line 1
    at Query.Sequence._packetToError (L:\yoho\back\node_modules\mysql\lib\protocol\sequences\Sequence.js:47:14)
    at Query.ErrorPacket (L:\yoho\back\node_modules\mysql\lib\protocol\sequences\Query.js:79:18)
    at Protocol._parsePacket (L:\yoho\back\node_modules\mysql\lib\protocol\Protocol.js:291:23)
    at Parser._parsePacket (L:\yoho\back\node_modules\mysql\lib\protocol\Parser.js:433:10)
    at Parser.write (L:\yoho\back\node_modules\mysql\lib\protocol\Parser.js:43:10)
    at Protocol.write (L:\yoho\back\node_modules\mysql\lib\protocol\Protocol.js:38:16)
    at Socket.<anonymous> (L:\yoho\back\node_modules\mysql\lib\Connection.js:88:28)
    at Socket.<anonymous> (L:\yoho\back\node_modules\mysql\lib\Connection.js:526:10)
    at Socket.emit (events.js:315:20)
    at addChunk (_stream_readable.js:302:12)
    --------------------
    at Pool.query (L:\yoho\back\node_modules\mysql\lib\Pool.js:199:23)
    at L:\yoho\back\node_modules\ali-rds\node_modules\pify\index.js:29:7
    at new Promise (<anonymous>)
    at Pool.<anonymous> (L:\yoho\back\node_modules\ali-rds\node_modules\pify\index.js:12:10)
    at Pool.ret [as query] (L:\yoho\back\node_modules\ali-rds\node_modules\pify\index.js:56:34)
    at RDSClient.proto._query (L:\yoho\back\node_modules\ali-rds\lib\client.js:38:20)
    at RDSClient.proto.query (L:\yoho\back\node_modules\ali-rds\lib\operator.js:54:29)
    at proto.query.next (<anonymous>)
    at onFulfilled (L:\yoho\back\node_modules\co\index.js:65:19)
    at L:\yoho\back\node_modules\co\index.js:54:5
    sql: SELECT COUNT(userid) FROM userinfo WHERE phone = ?
code: "ER_PARSE_ERROR"
errno: 1064
sqlMessage: "You have an error in your SQL syntax; check the manual that corresponds to your MySQL server version for the right syntax to use near '?' at line 1"
sqlState: "42000"
index: 0
sql: "SELECT COUNT(userid) FROM userinfo WHERE phone = ?"
headers: {"Access-Control-Allow-Origin":"http://localhost:3000","Access-Control-Allow-Credentials":"true","vary":"Origin"}
name: "ER_PARSE_ERRORError"
pid: 120
hostname: DESKTOP

2021-02-03 11:37:38,248 ERROR 120 [-/127.0.0.1/-/3ms POST /api/register] nodejs.ER_PARSE_ERRORError: ER_PARSE_ERROR: You have an error in your SQL syntax; check the manual that corresponds to your MySQL server version for the right syntax to use near '?' at line 1
    at Query.Sequence._packetToError (L:\yoho\back\node_modules\mysql\lib\protocol\sequences\Sequence.js:47:14)
    at Query.ErrorPacket (L:\yoho\back\node_modules\mysql\lib\protocol\sequences\Query.js:79:18)
    at Protocol._parsePacket (L:\yoho\back\node_modules\mysql\lib\protocol\Protocol.js:291:23)
    at Parser._parsePacket (L:\yoho\back\node_modules\mysql\lib\protocol\Parser.js:433:10)
    at Parser.write (L:\yoho\back\node_modules\mysql\lib\protocol\Parser.js:43:10)
    at Protocol.write (L:\yoho\back\node_modules\mysql\lib\protocol\Protocol.js:38:16)
    at Socket.<anonymous> (L:\yoho\back\node_modules\mysql\lib\Connection.js:88:28)
    at Socket.<anonymous> (L:\yoho\back\node_modules\mysql\lib\Connection.js:526:10)
    at Socket.emit (events.js:315:20)
    at addChunk (_stream_readable.js:302:12)
    --------------------
    at Pool.query (L:\yoho\back\node_modules\mysql\lib\Pool.js:199:23)
    at L:\yoho\back\node_modules\ali-rds\node_modules\pify\index.js:29:7
    at new Promise (<anonymous>)
    at Pool.<anonymous> (L:\yoho\back\node_modules\ali-rds\node_modules\pify\index.js:12:10)
    at Pool.ret [as query] (L:\yoho\back\node_modules\ali-rds\node_modules\pify\index.js:56:34)
    at RDSClient.proto._query (L:\yoho\back\node_modules\ali-rds\lib\client.js:38:20)
    at RDSClient.proto.query (L:\yoho\back\node_modules\ali-rds\lib\operator.js:54:29)
    at proto.query.next (<anonymous>)
    at onFulfilled (L:\yoho\back\node_modules\co\index.js:65:19)
    at L:\yoho\back\node_modules\co\index.js:54:5
    sql: SELECT COUNT(userid) FROM userinfo WHERE phone = ?
code: "ER_PARSE_ERROR"
errno: 1064
sqlMessage: "You have an error in your SQL syntax; check the manual that corresponds to your MySQL server version for the right syntax to use near '?' at line 1"
sqlState: "42000"
index: 0
sql: "SELECT COUNT(userid) FROM userinfo WHERE phone = ?"
headers: {"Access-Control-Allow-Origin":"http://localhost:3000","Access-Control-Allow-Credentials":"true","vary":"Origin"}
name: "ER_PARSE_ERRORError"
pid: 120
hostname: DESKTOP

2021-02-03 11:39:19,505 ERROR 1424 [-/127.0.0.1/-/23ms POST /api/register] nodejs.ER_PARSE_ERRORError: ER_PARSE_ERROR: You have an error in your SQL syntax; check the manual that corresponds to your MySQL server version for the right syntax to use near '?' at line 1
    at Query.Sequence._packetToError (L:\yoho\back\node_modules\mysql\lib\protocol\sequences\Sequence.js:47:14)
    at Query.ErrorPacket (L:\yoho\back\node_modules\mysql\lib\protocol\sequences\Query.js:79:18)
    at Protocol._parsePacket (L:\yoho\back\node_modules\mysql\lib\protocol\Protocol.js:291:23)
    at Parser._parsePacket (L:\yoho\back\node_modules\mysql\lib\protocol\Parser.js:433:10)
    at Parser.write (L:\yoho\back\node_modules\mysql\lib\protocol\Parser.js:43:10)
    at Protocol.write (L:\yoho\back\node_modules\mysql\lib\protocol\Protocol.js:38:16)
    at Socket.<anonymous> (L:\yoho\back\node_modules\mysql\lib\Connection.js:88:28)
    at Socket.<anonymous> (L:\yoho\back\node_modules\mysql\lib\Connection.js:526:10)
    at Socket.emit (events.js:315:20)
    at addChunk (_stream_readable.js:302:12)
    --------------------
    at Pool.query (L:\yoho\back\node_modules\mysql\lib\Pool.js:199:23)
    at L:\yoho\back\node_modules\ali-rds\node_modules\pify\index.js:29:7
    at new Promise (<anonymous>)
    at Pool.<anonymous> (L:\yoho\back\node_modules\ali-rds\node_modules\pify\index.js:12:10)
    at Pool.ret [as query] (L:\yoho\back\node_modules\ali-rds\node_modules\pify\index.js:56:34)
    at RDSClient.proto._query (L:\yoho\back\node_modules\ali-rds\lib\client.js:38:20)
    at RDSClient.proto.query (L:\yoho\back\node_modules\ali-rds\lib\operator.js:54:29)
    at proto.query.next (<anonymous>)
    at onFulfilled (L:\yoho\back\node_modules\co\index.js:65:19)
    at L:\yoho\back\node_modules\co\index.js:54:5
    sql: SELECT COUNT(userid) FROM userinfo WHERE phone = ?
code: "ER_PARSE_ERROR"
errno: 1064
sqlMessage: "You have an error in your SQL syntax; check the manual that corresponds to your MySQL server version for the right syntax to use near '?' at line 1"
sqlState: "42000"
index: 0
sql: "SELECT COUNT(userid) FROM userinfo WHERE phone = ?"
headers: {"Access-Control-Allow-Origin":"http://localhost:3000","Access-Control-Allow-Credentials":"true","vary":"Origin"}
name: "ER_PARSE_ERRORError"
pid: 1424
hostname: DESKTOP

2021-02-04 11:00:48,068 ERROR 12624 [-/127.0.0.1/-/5ms POST /api/getFourCateData] nodejs.ER_SP_UNDECLARED_VARError: ER_SP_UNDECLARED_VAR: Undeclared variable: NaN
    at Query.Sequence._packetToError (L:\yoho\back\node_modules\mysql\lib\protocol\sequences\Sequence.js:47:14)
    at Query.ErrorPacket (L:\yoho\back\node_modules\mysql\lib\protocol\sequences\Query.js:79:18)
    at Protocol._parsePacket (L:\yoho\back\node_modules\mysql\lib\protocol\Protocol.js:291:23)
    at Parser._parsePacket (L:\yoho\back\node_modules\mysql\lib\protocol\Parser.js:433:10)
    at Parser.write (L:\yoho\back\node_modules\mysql\lib\protocol\Parser.js:43:10)
    at Protocol.write (L:\yoho\back\node_modules\mysql\lib\protocol\Protocol.js:38:16)
    at Socket.<anonymous> (L:\yoho\back\node_modules\mysql\lib\Connection.js:88:28)
    at Socket.<anonymous> (L:\yoho\back\node_modules\mysql\lib\Connection.js:526:10)
    at Socket.emit (events.js:315:20)
    at addChunk (_stream_readable.js:302:12)
    --------------------
    at Pool.query (L:\yoho\back\node_modules\mysql\lib\Pool.js:199:23)
    at L:\yoho\back\node_modules\ali-rds\node_modules\pify\index.js:29:7
    at new Promise (<anonymous>)
    at Pool.<anonymous> (L:\yoho\back\node_modules\ali-rds\node_modules\pify\index.js:12:10)
    at Pool.ret [as query] (L:\yoho\back\node_modules\ali-rds\node_modules\pify\index.js:56:34)
    at RDSClient.proto._query (L:\yoho\back\node_modules\ali-rds\lib\client.js:38:20)
    at RDSClient.proto.query (L:\yoho\back\node_modules\ali-rds\lib\operator.js:54:29)
    at proto.query.next (<anonymous>)
    at onFulfilled (L:\yoho\back\node_modules\co\index.js:65:19)
    at L:\yoho\back\node_modules\co\index.js:54:5
    sql: SELECT productid,title,issale,oldprice,price,image FROM product WHERE 'jiake' LIMIT NaN
code: "ER_SP_UNDECLARED_VAR"
errno: 1327
sqlMessage: "Undeclared variable: NaN"
sqlState: "42000"
index: 0
sql: "SELECT productid,title,issale,oldprice,price,image FROM product WHERE 'jiake' LIMIT NaN"
headers: {"Access-Control-Allow-Origin":"http://localhost:3000","Access-Control-Allow-Credentials":"true","vary":"Origin"}
name: "ER_SP_UNDECLARED_VARError"
pid: 12624
hostname: DESKTOP

2021-02-04 11:02:04,475 ERROR 12624 [-/127.0.0.1/-/3ms POST /api/getFourCateData] nodejs.ER_SP_UNDECLARED_VARError: ER_SP_UNDECLARED_VAR: Undeclared variable: NaN
    at Query.Sequence._packetToError (L:\yoho\back\node_modules\mysql\lib\protocol\sequences\Sequence.js:47:14)
    at Query.ErrorPacket (L:\yoho\back\node_modules\mysql\lib\protocol\sequences\Query.js:79:18)
    at Protocol._parsePacket (L:\yoho\back\node_modules\mysql\lib\protocol\Protocol.js:291:23)
    at Parser._parsePacket (L:\yoho\back\node_modules\mysql\lib\protocol\Parser.js:433:10)
    at Parser.write (L:\yoho\back\node_modules\mysql\lib\protocol\Parser.js:43:10)
    at Protocol.write (L:\yoho\back\node_modules\mysql\lib\protocol\Protocol.js:38:16)
    at Socket.<anonymous> (L:\yoho\back\node_modules\mysql\lib\Connection.js:88:28)
    at Socket.<anonymous> (L:\yoho\back\node_modules\mysql\lib\Connection.js:526:10)
    at Socket.emit (events.js:315:20)
    at addChunk (_stream_readable.js:302:12)
    --------------------
    at Pool.query (L:\yoho\back\node_modules\mysql\lib\Pool.js:199:23)
    at L:\yoho\back\node_modules\ali-rds\node_modules\pify\index.js:29:7
    at new Promise (<anonymous>)
    at Pool.<anonymous> (L:\yoho\back\node_modules\ali-rds\node_modules\pify\index.js:12:10)
    at Pool.ret [as query] (L:\yoho\back\node_modules\ali-rds\node_modules\pify\index.js:56:34)
    at RDSClient.proto._query (L:\yoho\back\node_modules\ali-rds\lib\client.js:38:20)
    at RDSClient.proto.query (L:\yoho\back\node_modules\ali-rds\lib\operator.js:54:29)
    at proto.query.next (<anonymous>)
    at onFulfilled (L:\yoho\back\node_modules\co\index.js:65:19)
    at L:\yoho\back\node_modules\co\index.js:54:5
    sql: SELECT productid,title,issale,oldprice,price,image FROM product WHERE 'jiake' LIMIT NaN
code: "ER_SP_UNDECLARED_VAR"
errno: 1327
sqlMessage: "Undeclared variable: NaN"
sqlState: "42000"
index: 0
sql: "SELECT productid,title,issale,oldprice,price,image FROM product WHERE 'jiake' LIMIT NaN"
headers: {"Access-Control-Allow-Origin":"http://localhost:3000","Access-Control-Allow-Credentials":"true","vary":"Origin"}
name: "ER_SP_UNDECLARED_VARError"
pid: 12624
hostname: DESKTOP

2021-02-04 11:02:12,170 ERROR 12624 [-/127.0.0.1/-/3ms POST /api/getFourCateData] nodejs.ER_SP_UNDECLARED_VARError: ER_SP_UNDECLARED_VAR: Undeclared variable: NaN
    at Query.Sequence._packetToError (L:\yoho\back\node_modules\mysql\lib\protocol\sequences\Sequence.js:47:14)
    at Query.ErrorPacket (L:\yoho\back\node_modules\mysql\lib\protocol\sequences\Query.js:79:18)
    at Protocol._parsePacket (L:\yoho\back\node_modules\mysql\lib\protocol\Protocol.js:291:23)
    at Parser._parsePacket (L:\yoho\back\node_modules\mysql\lib\protocol\Parser.js:433:10)
    at Parser.write (L:\yoho\back\node_modules\mysql\lib\protocol\Parser.js:43:10)
    at Protocol.write (L:\yoho\back\node_modules\mysql\lib\protocol\Protocol.js:38:16)
    at Socket.<anonymous> (L:\yoho\back\node_modules\mysql\lib\Connection.js:88:28)
    at Socket.<anonymous> (L:\yoho\back\node_modules\mysql\lib\Connection.js:526:10)
    at Socket.emit (events.js:315:20)
    at addChunk (_stream_readable.js:302:12)
    --------------------
    at Pool.query (L:\yoho\back\node_modules\mysql\lib\Pool.js:199:23)
    at L:\yoho\back\node_modules\ali-rds\node_modules\pify\index.js:29:7
    at new Promise (<anonymous>)
    at Pool.<anonymous> (L:\yoho\back\node_modules\ali-rds\node_modules\pify\index.js:12:10)
    at Pool.ret [as query] (L:\yoho\back\node_modules\ali-rds\node_modules\pify\index.js:56:34)
    at RDSClient.proto._query (L:\yoho\back\node_modules\ali-rds\lib\client.js:38:20)
    at RDSClient.proto.query (L:\yoho\back\node_modules\ali-rds\lib\operator.js:54:29)
    at proto.query.next (<anonymous>)
    at onFulfilled (L:\yoho\back\node_modules\co\index.js:65:19)
    at L:\yoho\back\node_modules\co\index.js:54:5
    sql: SELECT productid,title,issale,oldprice,price,image FROM product WHERE 'jiake' LIMIT NaN
code: "ER_SP_UNDECLARED_VAR"
errno: 1327
sqlMessage: "Undeclared variable: NaN"
sqlState: "42000"
index: 0
sql: "SELECT productid,title,issale,oldprice,price,image FROM product WHERE 'jiake' LIMIT NaN"
headers: {"Access-Control-Allow-Origin":"http://localhost:3000","Access-Control-Allow-Credentials":"true","vary":"Origin"}
name: "ER_SP_UNDECLARED_VARError"
pid: 12624
hostname: DESKTOP

2021-02-04 11:02:21,975 ERROR 12624 [-/127.0.0.1/-/2ms POST /api/getFourCateData] nodejs.ER_SP_UNDECLARED_VARError: ER_SP_UNDECLARED_VAR: Undeclared variable: NaN
    at Query.Sequence._packetToError (L:\yoho\back\node_modules\mysql\lib\protocol\sequences\Sequence.js:47:14)
    at Query.ErrorPacket (L:\yoho\back\node_modules\mysql\lib\protocol\sequences\Query.js:79:18)
    at Protocol._parsePacket (L:\yoho\back\node_modules\mysql\lib\protocol\Protocol.js:291:23)
    at Parser._parsePacket (L:\yoho\back\node_modules\mysql\lib\protocol\Parser.js:433:10)
    at Parser.write (L:\yoho\back\node_modules\mysql\lib\protocol\Parser.js:43:10)
    at Protocol.write (L:\yoho\back\node_modules\mysql\lib\protocol\Protocol.js:38:16)
    at Socket.<anonymous> (L:\yoho\back\node_modules\mysql\lib\Connection.js:88:28)
    at Socket.<anonymous> (L:\yoho\back\node_modules\mysql\lib\Connection.js:526:10)
    at Socket.emit (events.js:315:20)
    at addChunk (_stream_readable.js:302:12)
    --------------------
    at Pool.query (L:\yoho\back\node_modules\mysql\lib\Pool.js:199:23)
    at L:\yoho\back\node_modules\ali-rds\node_modules\pify\index.js:29:7
    at new Promise (<anonymous>)
    at Pool.<anonymous> (L:\yoho\back\node_modules\ali-rds\node_modules\pify\index.js:12:10)
    at Pool.ret [as query] (L:\yoho\back\node_modules\ali-rds\node_modules\pify\index.js:56:34)
    at RDSClient.proto._query (L:\yoho\back\node_modules\ali-rds\lib\client.js:38:20)
    at RDSClient.proto.query (L:\yoho\back\node_modules\ali-rds\lib\operator.js:54:29)
    at proto.query.next (<anonymous>)
    at onFulfilled (L:\yoho\back\node_modules\co\index.js:65:19)
    at L:\yoho\back\node_modules\co\index.js:54:5
    sql: SELECT productid,title,issale,oldprice,price,image FROM product WHERE 'jiake' LIMIT NaN
code: "ER_SP_UNDECLARED_VAR"
errno: 1327
sqlMessage: "Undeclared variable: NaN"
sqlState: "42000"
index: 0
sql: "SELECT productid,title,issale,oldprice,price,image FROM product WHERE 'jiake' LIMIT NaN"
headers: {"Access-Control-Allow-Origin":"http://localhost:3000","Access-Control-Allow-Credentials":"true","vary":"Origin"}
name: "ER_SP_UNDECLARED_VARError"
pid: 12624
hostname: DESKTOP

2021-02-04 11:02:41,490 ERROR 12624 [-/127.0.0.1/-/2ms POST /api/getFourCateData] nodejs.ER_SP_UNDECLARED_VARError: ER_SP_UNDECLARED_VAR: Undeclared variable: NaN
    at Query.Sequence._packetToError (L:\yoho\back\node_modules\mysql\lib\protocol\sequences\Sequence.js:47:14)
    at Query.ErrorPacket (L:\yoho\back\node_modules\mysql\lib\protocol\sequences\Query.js:79:18)
    at Protocol._parsePacket (L:\yoho\back\node_modules\mysql\lib\protocol\Protocol.js:291:23)
    at Parser._parsePacket (L:\yoho\back\node_modules\mysql\lib\protocol\Parser.js:433:10)
    at Parser.write (L:\yoho\back\node_modules\mysql\lib\protocol\Parser.js:43:10)
    at Protocol.write (L:\yoho\back\node_modules\mysql\lib\protocol\Protocol.js:38:16)
    at Socket.<anonymous> (L:\yoho\back\node_modules\mysql\lib\Connection.js:88:28)
    at Socket.<anonymous> (L:\yoho\back\node_modules\mysql\lib\Connection.js:526:10)
    at Socket.emit (events.js:315:20)
    at addChunk (_stream_readable.js:302:12)
    --------------------
    at Pool.query (L:\yoho\back\node_modules\mysql\lib\Pool.js:199:23)
    at L:\yoho\back\node_modules\ali-rds\node_modules\pify\index.js:29:7
    at new Promise (<anonymous>)
    at Pool.<anonymous> (L:\yoho\back\node_modules\ali-rds\node_modules\pify\index.js:12:10)
    at Pool.ret [as query] (L:\yoho\back\node_modules\ali-rds\node_modules\pify\index.js:56:34)
    at RDSClient.proto._query (L:\yoho\back\node_modules\ali-rds\lib\client.js:38:20)
    at RDSClient.proto.query (L:\yoho\back\node_modules\ali-rds\lib\operator.js:54:29)
    at proto.query.next (<anonymous>)
    at onFulfilled (L:\yoho\back\node_modules\co\index.js:65:19)
    at L:\yoho\back\node_modules\co\index.js:54:5
    sql: SELECT productid,title,issale,oldprice,price,image FROM product WHERE 'jiake' LIMIT NaN
code: "ER_SP_UNDECLARED_VAR"
errno: 1327
sqlMessage: "Undeclared variable: NaN"
sqlState: "42000"
index: 0
sql: "SELECT productid,title,issale,oldprice,price,image FROM product WHERE 'jiake' LIMIT NaN"
headers: {"Access-Control-Allow-Origin":"http://localhost:3000","Access-Control-Allow-Credentials":"true","vary":"Origin"}
name: "ER_SP_UNDECLARED_VARError"
pid: 12624
hostname: DESKTOP

2021-02-04 11:04:22,670 ERROR 12624 [-/127.0.0.1/-/2ms POST /api/getDataByCate] nodejs.ER_SP_UNDECLARED_VARError: ER_SP_UNDECLARED_VAR: Undeclared variable: NaN
    at Query.Sequence._packetToError (L:\yoho\back\node_modules\mysql\lib\protocol\sequences\Sequence.js:47:14)
    at Query.ErrorPacket (L:\yoho\back\node_modules\mysql\lib\protocol\sequences\Query.js:79:18)
    at Protocol._parsePacket (L:\yoho\back\node_modules\mysql\lib\protocol\Protocol.js:291:23)
    at Parser._parsePacket (L:\yoho\back\node_modules\mysql\lib\protocol\Parser.js:433:10)
    at Parser.write (L:\yoho\back\node_modules\mysql\lib\protocol\Parser.js:43:10)
    at Protocol.write (L:\yoho\back\node_modules\mysql\lib\protocol\Protocol.js:38:16)
    at Socket.<anonymous> (L:\yoho\back\node_modules\mysql\lib\Connection.js:88:28)
    at Socket.<anonymous> (L:\yoho\back\node_modules\mysql\lib\Connection.js:526:10)
    at Socket.emit (events.js:315:20)
    at addChunk (_stream_readable.js:302:12)
    --------------------
    at Pool.query (L:\yoho\back\node_modules\mysql\lib\Pool.js:199:23)
    at L:\yoho\back\node_modules\ali-rds\node_modules\pify\index.js:29:7
    at new Promise (<anonymous>)
    at Pool.<anonymous> (L:\yoho\back\node_modules\ali-rds\node_modules\pify\index.js:12:10)
    at Pool.ret [as query] (L:\yoho\back\node_modules\ali-rds\node_modules\pify\index.js:56:34)
    at RDSClient.proto._query (L:\yoho\back\node_modules\ali-rds\lib\client.js:38:20)
    at RDSClient.proto.query (L:\yoho\back\node_modules\ali-rds\lib\operator.js:54:29)
    at proto.query.next (<anonymous>)
    at onFulfilled (L:\yoho\back\node_modules\co\index.js:65:19)
    at L:\yoho\back\node_modules\co\index.js:54:5
    sql: SELECT productid,title,issale,oldprice,price,image FROM product WHERE cate = 'jiake' LIMIT NaN
code: "ER_SP_UNDECLARED_VAR"
errno: 1327
sqlMessage: "Undeclared variable: NaN"
sqlState: "42000"
index: 0
sql: "SELECT productid,title,issale,oldprice,price,image FROM product WHERE cate = 'jiake' LIMIT NaN"
headers: {"Access-Control-Allow-Origin":"http://localhost:3000","Access-Control-Allow-Credentials":"true","vary":"Origin"}
name: "ER_SP_UNDECLARED_VARError"
pid: 12624
hostname: DESKTOP

2021-02-04 11:04:26,753 ERROR 12624 [-/127.0.0.1/-/2ms POST /api/getDataByCate] nodejs.ER_SP_UNDECLARED_VARError: ER_SP_UNDECLARED_VAR: Undeclared variable: NaN
    at Query.Sequence._packetToError (L:\yoho\back\node_modules\mysql\lib\protocol\sequences\Sequence.js:47:14)
    at Query.ErrorPacket (L:\yoho\back\node_modules\mysql\lib\protocol\sequences\Query.js:79:18)
    at Protocol._parsePacket (L:\yoho\back\node_modules\mysql\lib\protocol\Protocol.js:291:23)
    at Parser._parsePacket (L:\yoho\back\node_modules\mysql\lib\protocol\Parser.js:433:10)
    at Parser.write (L:\yoho\back\node_modules\mysql\lib\protocol\Parser.js:43:10)
    at Protocol.write (L:\yoho\back\node_modules\mysql\lib\protocol\Protocol.js:38:16)
    at Socket.<anonymous> (L:\yoho\back\node_modules\mysql\lib\Connection.js:88:28)
    at Socket.<anonymous> (L:\yoho\back\node_modules\mysql\lib\Connection.js:526:10)
    at Socket.emit (events.js:315:20)
    at addChunk (_stream_readable.js:302:12)
    --------------------
    at Pool.query (L:\yoho\back\node_modules\mysql\lib\Pool.js:199:23)
    at L:\yoho\back\node_modules\ali-rds\node_modules\pify\index.js:29:7
    at new Promise (<anonymous>)
    at Pool.<anonymous> (L:\yoho\back\node_modules\ali-rds\node_modules\pify\index.js:12:10)
    at Pool.ret [as query] (L:\yoho\back\node_modules\ali-rds\node_modules\pify\index.js:56:34)
    at RDSClient.proto._query (L:\yoho\back\node_modules\ali-rds\lib\client.js:38:20)
    at RDSClient.proto.query (L:\yoho\back\node_modules\ali-rds\lib\operator.js:54:29)
    at proto.query.next (<anonymous>)
    at onFulfilled (L:\yoho\back\node_modules\co\index.js:65:19)
    at L:\yoho\back\node_modules\co\index.js:54:5
    sql: SELECT productid,title,issale,oldprice,price,image FROM product WHERE cate = 'jiake' LIMIT NaN
code: "ER_SP_UNDECLARED_VAR"
errno: 1327
sqlMessage: "Undeclared variable: NaN"
sqlState: "42000"
index: 0
sql: "SELECT productid,title,issale,oldprice,price,image FROM product WHERE cate = 'jiake' LIMIT NaN"
headers: {"Access-Control-Allow-Origin":"http://localhost:3000","Access-Control-Allow-Credentials":"true","vary":"Origin"}
name: "ER_SP_UNDECLARED_VARError"
pid: 12624
hostname: DESKTOP

2021-02-04 16:33:14,587 ERROR 11100 [-/127.0.0.1/-/18ms POST /api/searchByKey] nodejs.ER_PARSE_ERRORError: ER_PARSE_ERROR: You have an error in your SQL syntax; check the manual that corresponds to your MySQL server version for the right syntax to use near ''%' OR productinfo LIKE '%''%' OR cate = ''' at line 1
    at Query.Sequence._packetToError (L:\yoho\back\node_modules\mysql\lib\protocol\sequences\Sequence.js:47:14)
    at Query.ErrorPacket (L:\yoho\back\node_modules\mysql\lib\protocol\sequences\Query.js:79:18)
    at Protocol._parsePacket (L:\yoho\back\node_modules\mysql\lib\protocol\Protocol.js:291:23)
    at Parser._parsePacket (L:\yoho\back\node_modules\mysql\lib\protocol\Parser.js:433:10)
    at Parser.write (L:\yoho\back\node_modules\mysql\lib\protocol\Parser.js:43:10)
    at Protocol.write (L:\yoho\back\node_modules\mysql\lib\protocol\Protocol.js:38:16)
    at Socket.<anonymous> (L:\yoho\back\node_modules\mysql\lib\Connection.js:88:28)
    at Socket.<anonymous> (L:\yoho\back\node_modules\mysql\lib\Connection.js:526:10)
    at Socket.emit (events.js:315:20)
    at addChunk (_stream_readable.js:302:12)
    --------------------
    at Pool.query (L:\yoho\back\node_modules\mysql\lib\Pool.js:199:23)
    at L:\yoho\back\node_modules\ali-rds\node_modules\pify\index.js:29:7
    at new Promise (<anonymous>)
    at Pool.<anonymous> (L:\yoho\back\node_modules\ali-rds\node_modules\pify\index.js:12:10)
    at Pool.ret [as query] (L:\yoho\back\node_modules\ali-rds\node_modules\pify\index.js:56:34)
    at RDSClient.proto._query (L:\yoho\back\node_modules\ali-rds\lib\client.js:38:20)
    at RDSClient.proto.query (L:\yoho\back\node_modules\ali-rds\lib\operator.js:54:29)
    at proto.query.next (<anonymous>)
    at onFulfilled (L:\yoho\back\node_modules\co\index.js:65:19)
    at L:\yoho\back\node_modules\co\index.js:54:5
    sql: SELECT * FROM product WHERE title LIKE '%''%' OR productinfo LIKE '%''%' OR cate = ''
code: "ER_PARSE_ERROR"
errno: 1064
sqlMessage: "You have an error in your SQL syntax; check the manual that corresponds to your MySQL server version for the right syntax to use near ''%' OR productinfo LIKE '%''%' OR cate = ''' at line 1"
sqlState: "42000"
index: 0
sql: "SELECT * FROM product WHERE title LIKE '%''%' OR productinfo LIKE '%''%' OR cate = ''"
headers: {"Access-Control-Allow-Origin":"http://localhost:3000","Access-Control-Allow-Credentials":"true","vary":"Origin"}
name: "ER_PARSE_ERRORError"
pid: 11100
hostname: DESKTOP

2021-02-04 16:34:51,601 ERROR 12580 [-/127.0.0.1/-/18ms POST /api/searchByKey] nodejs.ER_PARSE_ERRORError: ER_PARSE_ERROR: You have an error in your SQL syntax; check the manual that corresponds to your MySQL server version for the right syntax to use near '%''% OR productinfo LIKE %''% OR cate = ''' at line 1
    at Query.Sequence._packetToError (L:\yoho\back\node_modules\mysql\lib\protocol\sequences\Sequence.js:47:14)
    at Query.ErrorPacket (L:\yoho\back\node_modules\mysql\lib\protocol\sequences\Query.js:79:18)
    at Protocol._parsePacket (L:\yoho\back\node_modules\mysql\lib\protocol\Protocol.js:291:23)
    at Parser._parsePacket (L:\yoho\back\node_modules\mysql\lib\protocol\Parser.js:433:10)
    at Parser.write (L:\yoho\back\node_modules\mysql\lib\protocol\Parser.js:43:10)
    at Protocol.write (L:\yoho\back\node_modules\mysql\lib\protocol\Protocol.js:38:16)
    at Socket.<anonymous> (L:\yoho\back\node_modules\mysql\lib\Connection.js:88:28)
    at Socket.<anonymous> (L:\yoho\back\node_modules\mysql\lib\Connection.js:526:10)
    at Socket.emit (events.js:315:20)
    at addChunk (_stream_readable.js:302:12)
    --------------------
    at Pool.query (L:\yoho\back\node_modules\mysql\lib\Pool.js:199:23)
    at L:\yoho\back\node_modules\ali-rds\node_modules\pify\index.js:29:7
    at new Promise (<anonymous>)
    at Pool.<anonymous> (L:\yoho\back\node_modules\ali-rds\node_modules\pify\index.js:12:10)
    at Pool.ret [as query] (L:\yoho\back\node_modules\ali-rds\node_modules\pify\index.js:56:34)
    at RDSClient.proto._query (L:\yoho\back\node_modules\ali-rds\lib\client.js:38:20)
    at RDSClient.proto.query (L:\yoho\back\node_modules\ali-rds\lib\operator.js:54:29)
    at proto.query.next (<anonymous>)
    at onFulfilled (L:\yoho\back\node_modules\co\index.js:65:19)
    at L:\yoho\back\node_modules\co\index.js:54:5
    sql: SELECT * FROM product WHERE title LIKE %''% OR productinfo LIKE %''% OR cate = ''
code: "ER_PARSE_ERROR"
errno: 1064
sqlMessage: "You have an error in your SQL syntax; check the manual that corresponds to your MySQL server version for the right syntax to use near '%''% OR productinfo LIKE %''% OR cate = ''' at line 1"
sqlState: "42000"
index: 0
sql: "SELECT * FROM product WHERE title LIKE %''% OR productinfo LIKE %''% OR cate = ''"
headers: {"Access-Control-Allow-Origin":"http://localhost:3000","Access-Control-Allow-Credentials":"true","vary":"Origin"}
name: "ER_PARSE_ERRORError"
pid: 12580
hostname: DESKTOP

2021-02-04 16:37:33,323 ERROR 9284 [-/127.0.0.1/-/25ms POST /api/searchByKey] nodejs.TypeError: Cannot read property 'length' of undefined
    at UserController.searchByKey (L:\yoho\back\app\controller\user.js:104:19)
    at processTicksAndRejections (internal/process/task_queues.js:97:5)
    at async L:\yoho\back\node_modules\egg-development\app\middleware\egg_loader_trace.js:9:50
    at async xframe (L:\yoho\back\node_modules\egg-security\lib\middlewares\xframe.js:7:5)
    at async xssProtection (L:\yoho\back\node_modules\egg-security\lib\middlewares\xssProtection.js:7:5)
    at async nosniff (L:\yoho\back\node_modules\egg-security\lib\middlewares\nosniff.js:8:5)
    at async noopen (L:\yoho\back\node_modules\egg-security\lib\middlewares\noopen.js:8:5)
    at async session (L:\yoho\back\node_modules\koa-session\index.js:41:7)
    at async bodyParser (L:\yoho\back\node_modules\koa-bodyparser\index.js:95:5)
    at async L:\yoho\back\node_modules\koa-static-cache\index.js:39:63
headers: {"Access-Control-Allow-Origin":"http://localhost:3000","Access-Control-Allow-Credentials":"true","vary":"Origin"}
pid: 9284
hostname: DESKTOP

2021-02-04 16:38:25,454 ERROR 12776 [-/127.0.0.1/-/28ms POST /api/searchByKey] nodejs.TypeError: Cannot read property 'length' of undefined
    at UserController.searchByKey (L:\yoho\back\app\controller\user.js:104:19)
    at processTicksAndRejections (internal/process/task_queues.js:97:5)
    at async L:\yoho\back\node_modules\egg-development\app\middleware\egg_loader_trace.js:9:50
    at async xframe (L:\yoho\back\node_modules\egg-security\lib\middlewares\xframe.js:7:5)
    at async xssProtection (L:\yoho\back\node_modules\egg-security\lib\middlewares\xssProtection.js:7:5)
    at async nosniff (L:\yoho\back\node_modules\egg-security\lib\middlewares\nosniff.js:8:5)
    at async noopen (L:\yoho\back\node_modules\egg-security\lib\middlewares\noopen.js:8:5)
    at async session (L:\yoho\back\node_modules\koa-session\index.js:41:7)
    at async bodyParser (L:\yoho\back\node_modules\koa-bodyparser\index.js:95:5)
    at async L:\yoho\back\node_modules\koa-static-cache\index.js:39:63
headers: {"Access-Control-Allow-Origin":"http://localhost:3000","Access-Control-Allow-Credentials":"true","vary":"Origin"}
pid: 12776
hostname: DESKTOP

2021-02-08 21:09:24,518 ERROR 9192 [-/127.0.0.1/-/5ms POST /api/getFourCateData] nodejs.ER_SP_UNDECLARED_VARError: ER_SP_UNDECLARED_VAR: Undeclared variable: NaN
    at Query.Sequence._packetToError (L:\yoho\back\node_modules\mysql\lib\protocol\sequences\Sequence.js:47:14)
    at Query.ErrorPacket (L:\yoho\back\node_modules\mysql\lib\protocol\sequences\Query.js:79:18)
    at Protocol._parsePacket (L:\yoho\back\node_modules\mysql\lib\protocol\Protocol.js:291:23)
    at Parser._parsePacket (L:\yoho\back\node_modules\mysql\lib\protocol\Parser.js:433:10)
    at Parser.write (L:\yoho\back\node_modules\mysql\lib\protocol\Parser.js:43:10)
    at Protocol.write (L:\yoho\back\node_modules\mysql\lib\protocol\Protocol.js:38:16)
    at Socket.<anonymous> (L:\yoho\back\node_modules\mysql\lib\Connection.js:88:28)
    at Socket.<anonymous> (L:\yoho\back\node_modules\mysql\lib\Connection.js:526:10)
    at Socket.emit (events.js:315:20)
    at addChunk (_stream_readable.js:302:12)
    --------------------
    at Pool.query (L:\yoho\back\node_modules\mysql\lib\Pool.js:199:23)
    at L:\yoho\back\node_modules\ali-rds\node_modules\pify\index.js:29:7
    at new Promise (<anonymous>)
    at Pool.<anonymous> (L:\yoho\back\node_modules\ali-rds\node_modules\pify\index.js:12:10)
    at Pool.ret [as query] (L:\yoho\back\node_modules\ali-rds\node_modules\pify\index.js:56:34)
    at RDSClient.proto._query (L:\yoho\back\node_modules\ali-rds\lib\client.js:38:20)
    at RDSClient.proto.query (L:\yoho\back\node_modules\ali-rds\lib\operator.js:54:29)
    at proto.query.next (<anonymous>)
    at onFulfilled (L:\yoho\back\node_modules\co\index.js:65:19)
    at L:\yoho\back\node_modules\co\index.js:54:5
    sql: SELECT productid,title,issale,oldprice,price,image FROM product WHERE 'isnew' LIMIT NaN
code: "ER_SP_UNDECLARED_VAR"
errno: 1327
sqlMessage: "Undeclared variable: NaN"
sqlState: "42000"
index: 0
sql: "SELECT productid,title,issale,oldprice,price,image FROM product WHERE 'isnew' LIMIT NaN"
headers: {"Access-Control-Allow-Origin":"http://localhost:3000","Access-Control-Allow-Credentials":"true","vary":"Origin"}
name: "ER_SP_UNDECLARED_VARError"
pid: 9192
hostname: DESKTOP

2021-02-08 21:09:29,850 ERROR 9192 [-/127.0.0.1/-/2ms POST /api/getFourCateData] nodejs.ER_SP_UNDECLARED_VARError: ER_SP_UNDECLARED_VAR: Undeclared variable: NaN
    at Query.Sequence._packetToError (L:\yoho\back\node_modules\mysql\lib\protocol\sequences\Sequence.js:47:14)
    at Query.ErrorPacket (L:\yoho\back\node_modules\mysql\lib\protocol\sequences\Query.js:79:18)
    at Protocol._parsePacket (L:\yoho\back\node_modules\mysql\lib\protocol\Protocol.js:291:23)
    at Parser._parsePacket (L:\yoho\back\node_modules\mysql\lib\protocol\Parser.js:433:10)
    at Parser.write (L:\yoho\back\node_modules\mysql\lib\protocol\Parser.js:43:10)
    at Protocol.write (L:\yoho\back\node_modules\mysql\lib\protocol\Protocol.js:38:16)
    at Socket.<anonymous> (L:\yoho\back\node_modules\mysql\lib\Connection.js:88:28)
    at Socket.<anonymous> (L:\yoho\back\node_modules\mysql\lib\Connection.js:526:10)
    at Socket.emit (events.js:315:20)
    at addChunk (_stream_readable.js:302:12)
    --------------------
    at Pool.query (L:\yoho\back\node_modules\mysql\lib\Pool.js:199:23)
    at L:\yoho\back\node_modules\ali-rds\node_modules\pify\index.js:29:7
    at new Promise (<anonymous>)
    at Pool.<anonymous> (L:\yoho\back\node_modules\ali-rds\node_modules\pify\index.js:12:10)
    at Pool.ret [as query] (L:\yoho\back\node_modules\ali-rds\node_modules\pify\index.js:56:34)
    at RDSClient.proto._query (L:\yoho\back\node_modules\ali-rds\lib\client.js:38:20)
    at RDSClient.proto.query (L:\yoho\back\node_modules\ali-rds\lib\operator.js:54:29)
    at proto.query.next (<anonymous>)
    at onFulfilled (L:\yoho\back\node_modules\co\index.js:65:19)
    at L:\yoho\back\node_modules\co\index.js:54:5
    sql: SELECT productid,title,issale,oldprice,price,image FROM product WHERE 'ishot' LIMIT NaN
code: "ER_SP_UNDECLARED_VAR"
errno: 1327
sqlMessage: "Undeclared variable: NaN"
sqlState: "42000"
index: 0
sql: "SELECT productid,title,issale,oldprice,price,image FROM product WHERE 'ishot' LIMIT NaN"
headers: {"Access-Control-Allow-Origin":"http://localhost:3000","Access-Control-Allow-Credentials":"true","vary":"Origin"}
name: "ER_SP_UNDECLARED_VARError"
pid: 9192
hostname: DESKTOP

2021-02-08 21:09:35,416 ERROR 9192 [-/127.0.0.1/-/3ms POST /api/getFourCateData] nodejs.ER_SP_UNDECLARED_VARError: ER_SP_UNDECLARED_VAR: Undeclared variable: NaN
    at Query.Sequence._packetToError (L:\yoho\back\node_modules\mysql\lib\protocol\sequences\Sequence.js:47:14)
    at Query.ErrorPacket (L:\yoho\back\node_modules\mysql\lib\protocol\sequences\Query.js:79:18)
    at Protocol._parsePacket (L:\yoho\back\node_modules\mysql\lib\protocol\Protocol.js:291:23)
    at Parser._parsePacket (L:\yoho\back\node_modules\mysql\lib\protocol\Parser.js:433:10)
    at Parser.write (L:\yoho\back\node_modules\mysql\lib\protocol\Parser.js:43:10)
    at Protocol.write (L:\yoho\back\node_modules\mysql\lib\protocol\Protocol.js:38:16)
    at Socket.<anonymous> (L:\yoho\back\node_modules\mysql\lib\Connection.js:88:28)
    at Socket.<anonymous> (L:\yoho\back\node_modules\mysql\lib\Connection.js:526:10)
    at Socket.emit (events.js:315:20)
    at addChunk (_stream_readable.js:302:12)
    --------------------
    at Pool.query (L:\yoho\back\node_modules\mysql\lib\Pool.js:199:23)
    at L:\yoho\back\node_modules\ali-rds\node_modules\pify\index.js:29:7
    at new Promise (<anonymous>)
    at Pool.<anonymous> (L:\yoho\back\node_modules\ali-rds\node_modules\pify\index.js:12:10)
    at Pool.ret [as query] (L:\yoho\back\node_modules\ali-rds\node_modules\pify\index.js:56:34)
    at RDSClient.proto._query (L:\yoho\back\node_modules\ali-rds\lib\client.js:38:20)
    at RDSClient.proto.query (L:\yoho\back\node_modules\ali-rds\lib\operator.js:54:29)
    at proto.query.next (<anonymous>)
    at onFulfilled (L:\yoho\back\node_modules\co\index.js:65:19)
    at L:\yoho\back\node_modules\co\index.js:54:5
    sql: SELECT productid,title,issale,oldprice,price,image FROM product WHERE 'issale' LIMIT NaN
code: "ER_SP_UNDECLARED_VAR"
errno: 1327
sqlMessage: "Undeclared variable: NaN"
sqlState: "42000"
index: 0
sql: "SELECT productid,title,issale,oldprice,price,image FROM product WHERE 'issale' LIMIT NaN"
headers: {"Access-Control-Allow-Origin":"http://localhost:3000","Access-Control-Allow-Credentials":"true","vary":"Origin"}
name: "ER_SP_UNDECLARED_VARError"
pid: 9192
hostname: DESKTOP

2021-02-08 21:10:23,649 ERROR 9192 [-/127.0.0.1/-/3ms POST /api/getFourCateData] nodejs.ER_SP_UNDECLARED_VARError: ER_SP_UNDECLARED_VAR: Undeclared variable: NaN
    at Query.Sequence._packetToError (L:\yoho\back\node_modules\mysql\lib\protocol\sequences\Sequence.js:47:14)
    at Query.ErrorPacket (L:\yoho\back\node_modules\mysql\lib\protocol\sequences\Query.js:79:18)
    at Protocol._parsePacket (L:\yoho\back\node_modules\mysql\lib\protocol\Protocol.js:291:23)
    at Parser._parsePacket (L:\yoho\back\node_modules\mysql\lib\protocol\Parser.js:433:10)
    at Parser.write (L:\yoho\back\node_modules\mysql\lib\protocol\Parser.js:43:10)
    at Protocol.write (L:\yoho\back\node_modules\mysql\lib\protocol\Protocol.js:38:16)
    at Socket.<anonymous> (L:\yoho\back\node_modules\mysql\lib\Connection.js:88:28)
    at Socket.<anonymous> (L:\yoho\back\node_modules\mysql\lib\Connection.js:526:10)
    at Socket.emit (events.js:315:20)
    at addChunk (_stream_readable.js:302:12)
    --------------------
    at Pool.query (L:\yoho\back\node_modules\mysql\lib\Pool.js:199:23)
    at L:\yoho\back\node_modules\ali-rds\node_modules\pify\index.js:29:7
    at new Promise (<anonymous>)
    at Pool.<anonymous> (L:\yoho\back\node_modules\ali-rds\node_modules\pify\index.js:12:10)
    at Pool.ret [as query] (L:\yoho\back\node_modules\ali-rds\node_modules\pify\index.js:56:34)
    at RDSClient.proto._query (L:\yoho\back\node_modules\ali-rds\lib\client.js:38:20)
    at RDSClient.proto.query (L:\yoho\back\node_modules\ali-rds\lib\operator.js:54:29)
    at proto.query.next (<anonymous>)
    at onFulfilled (L:\yoho\back\node_modules\co\index.js:65:19)
    at L:\yoho\back\node_modules\co\index.js:54:5
    sql: SELECT productid,title,issale,oldprice,price,image FROM product WHERE 'ishot' LIMIT NaN
code: "ER_SP_UNDECLARED_VAR"
errno: 1327
sqlMessage: "Undeclared variable: NaN"
sqlState: "42000"
index: 0
sql: "SELECT productid,title,issale,oldprice,price,image FROM product WHERE 'ishot' LIMIT NaN"
headers: {"Access-Control-Allow-Origin":"http://localhost:3000","Access-Control-Allow-Credentials":"true","vary":"Origin"}
name: "ER_SP_UNDECLARED_VARError"
pid: 9192
hostname: DESKTOP

2021-02-08 21:12:12,158 ERROR 9192 [-/127.0.0.1/-/4ms POST /api/getFourCateData] nodejs.ER_SP_UNDECLARED_VARError: ER_SP_UNDECLARED_VAR: Undeclared variable: NaN
    at Query.Sequence._packetToError (L:\yoho\back\node_modules\mysql\lib\protocol\sequences\Sequence.js:47:14)
    at Query.ErrorPacket (L:\yoho\back\node_modules\mysql\lib\protocol\sequences\Query.js:79:18)
    at Protocol._parsePacket (L:\yoho\back\node_modules\mysql\lib\protocol\Protocol.js:291:23)
    at Parser._parsePacket (L:\yoho\back\node_modules\mysql\lib\protocol\Parser.js:433:10)
    at Parser.write (L:\yoho\back\node_modules\mysql\lib\protocol\Parser.js:43:10)
    at Protocol.write (L:\yoho\back\node_modules\mysql\lib\protocol\Protocol.js:38:16)
    at Socket.<anonymous> (L:\yoho\back\node_modules\mysql\lib\Connection.js:88:28)
    at Socket.<anonymous> (L:\yoho\back\node_modules\mysql\lib\Connection.js:526:10)
    at Socket.emit (events.js:315:20)
    at addChunk (_stream_readable.js:302:12)
    --------------------
    at Pool.query (L:\yoho\back\node_modules\mysql\lib\Pool.js:199:23)
    at L:\yoho\back\node_modules\ali-rds\node_modules\pify\index.js:29:7
    at new Promise (<anonymous>)
    at Pool.<anonymous> (L:\yoho\back\node_modules\ali-rds\node_modules\pify\index.js:12:10)
    at Pool.ret [as query] (L:\yoho\back\node_modules\ali-rds\node_modules\pify\index.js:56:34)
    at RDSClient.proto._query (L:\yoho\back\node_modules\ali-rds\lib\client.js:38:20)
    at RDSClient.proto.query (L:\yoho\back\node_modules\ali-rds\lib\operator.js:54:29)
    at proto.query.next (<anonymous>)
    at onFulfilled (L:\yoho\back\node_modules\co\index.js:65:19)
    at L:\yoho\back\node_modules\co\index.js:54:5
    sql: SELECT productid,title,issale,oldprice,price,image FROM product WHERE 'ishot' LIMIT NaN
code: "ER_SP_UNDECLARED_VAR"
errno: 1327
sqlMessage: "Undeclared variable: NaN"
sqlState: "42000"
index: 0
sql: "SELECT productid,title,issale,oldprice,price,image FROM product WHERE 'ishot' LIMIT NaN"
headers: {"Access-Control-Allow-Origin":"http://localhost:3000","Access-Control-Allow-Credentials":"true","vary":"Origin"}
name: "ER_SP_UNDECLARED_VARError"
pid: 9192
hostname: DESKTOP

2021-02-21 16:21:23,349 ERROR 14728 [-/127.0.0.1/-/21ms POST /api/getAdminInfo] nodejs.ER_PARSE_ERRORError: ER_PARSE_ERROR: You have an error in your SQL syntax; check the manual that corresponds to your MySQL server version for the right syntax to use near '?' at line 1
    at Query.Sequence._packetToError (L:\yoho\back\node_modules\mysql\lib\protocol\sequences\Sequence.js:47:14)
    at Query.ErrorPacket (L:\yoho\back\node_modules\mysql\lib\protocol\sequences\Query.js:79:18)
    at Protocol._parsePacket (L:\yoho\back\node_modules\mysql\lib\protocol\Protocol.js:291:23)
    at Parser._parsePacket (L:\yoho\back\node_modules\mysql\lib\protocol\Parser.js:433:10)
    at Parser.write (L:\yoho\back\node_modules\mysql\lib\protocol\Parser.js:43:10)
    at Protocol.write (L:\yoho\back\node_modules\mysql\lib\protocol\Protocol.js:38:16)
    at Socket.<anonymous> (L:\yoho\back\node_modules\mysql\lib\Connection.js:88:28)
    at Socket.<anonymous> (L:\yoho\back\node_modules\mysql\lib\Connection.js:526:10)
    at Socket.emit (events.js:315:20)
    at addChunk (_stream_readable.js:302:12)
    --------------------
    at Pool.query (L:\yoho\back\node_modules\mysql\lib\Pool.js:199:23)
    at L:\yoho\back\node_modules\ali-rds\node_modules\pify\index.js:29:7
    at new Promise (<anonymous>)
    at Pool.<anonymous> (L:\yoho\back\node_modules\ali-rds\node_modules\pify\index.js:12:10)
    at Pool.ret [as query] (L:\yoho\back\node_modules\ali-rds\node_modules\pify\index.js:56:34)
    at RDSClient.proto._query (L:\yoho\back\node_modules\ali-rds\lib\client.js:38:20)
    at RDSClient.proto.query (L:\yoho\back\node_modules\ali-rds\lib\operator.js:54:29)
    at proto.query.next (<anonymous>)
    at onFulfilled (L:\yoho\back\node_modules\co\index.js:65:19)
    at L:\yoho\back\node_modules\co\index.js:54:5
    sql: SELECT name FROM admin WHERE aid = ?
code: "ER_PARSE_ERROR"
errno: 1064
sqlMessage: "You have an error in your SQL syntax; check the manual that corresponds to your MySQL server version for the right syntax to use near '?' at line 1"
sqlState: "42000"
index: 0
sql: "SELECT name FROM admin WHERE aid = ?"
headers: {"Access-Control-Allow-Origin":"http://localhost:8080","Access-Control-Allow-Credentials":"true","vary":"Origin"}
name: "ER_PARSE_ERRORError"
pid: 14728
hostname: DESKTOP

2021-02-22 15:54:20,841 ERROR 660 [-/127.0.0.1/-/38ms POST /api/adminGetProduct] nodejs.ER_BAD_FIELD_ERRORError: ER_BAD_FIELD_ERROR: Unknown column 'pid' in 'where clause'
    at Query.Sequence._packetToError (L:\yoho\back\node_modules\mysql\lib\protocol\sequences\Sequence.js:47:14)
    at Query.ErrorPacket (L:\yoho\back\node_modules\mysql\lib\protocol\sequences\Query.js:79:18)
    at Protocol._parsePacket (L:\yoho\back\node_modules\mysql\lib\protocol\Protocol.js:291:23)
    at Parser._parsePacket (L:\yoho\back\node_modules\mysql\lib\protocol\Parser.js:433:10)
    at Parser.write (L:\yoho\back\node_modules\mysql\lib\protocol\Parser.js:43:10)
    at Protocol.write (L:\yoho\back\node_modules\mysql\lib\protocol\Protocol.js:38:16)
    at Socket.<anonymous> (L:\yoho\back\node_modules\mysql\lib\Connection.js:88:28)
    at Socket.<anonymous> (L:\yoho\back\node_modules\mysql\lib\Connection.js:526:10)
    at Socket.emit (events.js:315:20)
    at addChunk (_stream_readable.js:302:12)
    --------------------
    at Pool.query (L:\yoho\back\node_modules\mysql\lib\Pool.js:199:23)
    at L:\yoho\back\node_modules\ali-rds\node_modules\pify\index.js:29:7
    at new Promise (<anonymous>)
    at Pool.<anonymous> (L:\yoho\back\node_modules\ali-rds\node_modules\pify\index.js:12:10)
    at Pool.ret [as query] (L:\yoho\back\node_modules\ali-rds\node_modules\pify\index.js:56:34)
    at RDSClient.proto._query (L:\yoho\back\node_modules\ali-rds\lib\client.js:38:20)
    at RDSClient.proto.query (L:\yoho\back\node_modules\ali-rds\lib\operator.js:54:29)
    at proto.query.next (<anonymous>)
    at onFulfilled (L:\yoho\back\node_modules\co\index.js:65:19)
    at L:\yoho\back\node_modules\co\index.js:54:5
    sql: SELECT * FROM product WHERE pid = '1'
code: "ER_BAD_FIELD_ERROR"
errno: 1054
sqlMessage: "Unknown column 'pid' in 'where clause'"
sqlState: "42S22"
index: 0
sql: "SELECT * FROM product WHERE pid = '1'"
headers: {"Access-Control-Allow-Origin":"http://localhost:8080","Access-Control-Allow-Credentials":"true","vary":"Origin"}
name: "ER_BAD_FIELD_ERRORError"
pid: 660
hostname: DESKTOP

2021-02-23 09:58:08,340 WARN 10324 [-/127.0.0.1/-/2ms POST /api/deleteProduct] nodejs.SyntaxError: invalid JSON, only supports object and array, check bodyParser config
    at parse (L:\yoho\back\node_modules\co-body\lib\json.js:55:13)
    at AsyncFunction.module.exports [as json] (L:\yoho\back\node_modules\co-body\lib\json.js:41:20)
    at processTicksAndRejections (internal/process/task_queues.js:97:5)
    at async parseBody (L:\yoho\back\node_modules\koa-bodyparser\index.js:100:14)
    at async bodyParser (L:\yoho\back\node_modules\koa-bodyparser\index.js:85:19)
    at async L:\yoho\back\node_modules\koa-static-cache\index.js:39:63
    at async notfound (L:\yoho\back\node_modules\egg\app\middleware\notfound.js:5:5)
    at async meta (L:\yoho\back\node_modules\egg\app\middleware\meta.js:17:5)
    at async cors (L:\yoho\back\node_modules\@koa\cors\index.js:98:16)
status: 400
body: "6"
headers: {"Access-Control-Allow-Origin":"http://localhost:8080","Access-Control-Allow-Credentials":"true","vary":"Origin"}
pid: 10324
hostname: DESKTOP

2021-02-23 09:59:58,866 WARN 9088 [-/127.0.0.1/-/14ms POST /api/deleteProduct] nodejs.SyntaxError: invalid JSON, only supports object and array, check bodyParser config
    at parse (L:\yoho\back\node_modules\co-body\lib\json.js:55:13)
    at AsyncFunction.module.exports [as json] (L:\yoho\back\node_modules\co-body\lib\json.js:41:20)
    at processTicksAndRejections (internal/process/task_queues.js:97:5)
    at async parseBody (L:\yoho\back\node_modules\koa-bodyparser\index.js:100:14)
    at async bodyParser (L:\yoho\back\node_modules\koa-bodyparser\index.js:85:19)
    at async L:\yoho\back\node_modules\koa-static-cache\index.js:39:63
    at async notfound (L:\yoho\back\node_modules\egg\app\middleware\notfound.js:5:5)
    at async meta (L:\yoho\back\node_modules\egg\app\middleware\meta.js:17:5)
    at async cors (L:\yoho\back\node_modules\@koa\cors\index.js:98:16)
status: 400
body: "5"
headers: {"Access-Control-Allow-Origin":"http://localhost:8080","Access-Control-Allow-Credentials":"true","vary":"Origin"}
pid: 9088
hostname: DESKTOP

2021-02-23 10:00:35,777 WARN 10512 [-/127.0.0.1/-/1ms POST /api/deleteProduct] nodejs.SyntaxError: invalid JSON, only supports object and array, check bodyParser config
    at parse (L:\yoho\back\node_modules\co-body\lib\json.js:55:13)
    at AsyncFunction.module.exports [as json] (L:\yoho\back\node_modules\co-body\lib\json.js:41:20)
    at processTicksAndRejections (internal/process/task_queues.js:97:5)
    at async parseBody (L:\yoho\back\node_modules\koa-bodyparser\index.js:100:14)
    at async bodyParser (L:\yoho\back\node_modules\koa-bodyparser\index.js:85:19)
    at async L:\yoho\back\node_modules\koa-static-cache\index.js:39:63
    at async notfound (L:\yoho\back\node_modules\egg\app\middleware\notfound.js:5:5)
    at async meta (L:\yoho\back\node_modules\egg\app\middleware\meta.js:17:5)
    at async cors (L:\yoho\back\node_modules\@koa\cors\index.js:98:16)
status: 400
body: "6"
headers: {"Access-Control-Allow-Origin":"http://localhost:8080","Access-Control-Allow-Credentials":"true","vary":"Origin"}
pid: 10512
hostname: DESKTOP

